2022-10-26 00:14:40,305 - basicLogger - INFO - Retrieving temperature at index 100
2022-10-26 00:14:40,385 - basicLogger - DEBUG - {'type': 'temperature_reading', 'datetime': '2022-10-25T08:00:23', 'payload': {'date_time': '2022-10-25T02:30:19.694Z', 'greenhouse_id': '3fa85f64-5717-4562-b3fc-2c963f66afa6', 'humidity': 30, 'soil_moisture': 40, 'temperature_reading': 45, 'trace_id': 'c0b0324b-b1ce-4361-88f5-a4ff8c5b76e3'}}
2022-10-26 00:14:40,385 - basicLogger - DEBUG - {'type': 'temperature_reading', 'datetime': '2022-10-25T08:04:43', 'payload': {'date_time': '2022-10-25T02:30:19.694Z', 'greenhouse_id': '3fa85f64-5717-4562-b3fc-2c963f66afa6', 'humidity': 30, 'soil_moisture': 40, 'temperature_reading': 45, 'trace_id': 'e00264ad-83b9-4e6e-b600-7cc5f985fca1'}}
2022-10-26 00:14:40,393 - basicLogger - DEBUG - {'type': 'temperature_reading', 'datetime': '2022-10-25T08:18:07', 'payload': {'date_time': '2022-10-25T02:30:19.694Z', 'greenhouse_id': '3fa85f64-5717-4562-b3fc-2c963f66afa6', 'humidity': 70, 'soil_moisture': 40, 'temperature_reading': 45, 'trace_id': '9382d007-0bec-43b9-b3eb-6c62454bdf7a'}}
2022-10-26 00:14:40,401 - basicLogger - DEBUG - {'type': 'temperature_reading', 'datetime': '2022-10-25T08:20:55', 'payload': {'date_time': '2022-10-25T02:30:19.694Z', 'greenhouse_id': '3fa85f64-5717-4562-b3fc-2c963f66afa6', 'humidity': 70, 'soil_moisture': 80, 'temperature_reading': 45, 'trace_id': 'b79dcffc-aeaf-427d-9fc8-d1c47b48309f'}}
2022-10-26 00:14:40,409 - basicLogger - DEBUG - {'type': 'temperature_reading', 'datetime': '2022-10-25T22:48:25', 'payload': {'date_time': '2022-10-25T17:18:22.226Z', 'greenhouse_id': '3fa85f64-5717-4562-b3fc-2c963f66afa6', 'humidity': 30, 'soil_moisture': 40, 'temperature_reading': 45, 'trace_id': '8101386d-3074-4a0a-8e93-36ee422ef685'}}
2022-10-26 00:14:40,417 - basicLogger - DEBUG - {'type': 'temperature_reading', 'datetime': '2022-10-25T22:49:05', 'payload': {'date_time': '2022-10-25T17:18:22.226Z', 'greenhouse_id': '3fa85f64-5717-4562-b3fc-2c963f66afa6', 'humidity': 30, 'soil_moisture': 40, 'temperature_reading': 9, 'trace_id': '459543b9-4df3-46e3-bc3a-b4fbaa6f9632'}}
2022-10-26 00:14:40,433 - basicLogger - DEBUG - {'type': 'co2_reading', 'datetime': '2022-10-25T23:22:27', 'payload': {'co2_readings': 45, 'date_time': '2016-08-29T09:12:33.001000+00:00', 'greenhouse_id': '3fa85f64-5717-4562-b3fc-2c963f66afa6', 'humidity': 30, 'soil_moisture': 40, 'trace_id': 'a08adc6e-e58d-4138-8b5f-a952714089b1'}}
2022-10-26 00:18:49,922 - basicLogger - INFO - Retrieving temperature at index 2
2022-10-26 00:18:49,996 - basicLogger - DEBUG - {'type': 'temperature_reading', 'datetime': '2022-10-25T08:00:23', 'payload': {'date_time': '2022-10-25T02:30:19.694Z', 'greenhouse_id': '3fa85f64-5717-4562-b3fc-2c963f66afa6', 'humidity': 30, 'soil_moisture': 40, 'temperature_reading': 45, 'trace_id': 'c0b0324b-b1ce-4361-88f5-a4ff8c5b76e3'}}
2022-10-26 00:18:50,004 - basicLogger - DEBUG - {'type': 'temperature_reading', 'datetime': '2022-10-25T08:04:43', 'payload': {'date_time': '2022-10-25T02:30:19.694Z', 'greenhouse_id': '3fa85f64-5717-4562-b3fc-2c963f66afa6', 'humidity': 30, 'soil_moisture': 40, 'temperature_reading': 45, 'trace_id': 'e00264ad-83b9-4e6e-b600-7cc5f985fca1'}}
2022-10-26 00:18:50,004 - basicLogger - DEBUG - {'type': 'temperature_reading', 'datetime': '2022-10-25T08:18:07', 'payload': {'date_time': '2022-10-25T02:30:19.694Z', 'greenhouse_id': '3fa85f64-5717-4562-b3fc-2c963f66afa6', 'humidity': 70, 'soil_moisture': 40, 'temperature_reading': 45, 'trace_id': '9382d007-0bec-43b9-b3eb-6c62454bdf7a'}}
2022-10-26 00:18:50,012 - basicLogger - DEBUG - {'type': 'temperature_reading', 'datetime': '2022-10-25T08:20:55', 'payload': {'date_time': '2022-10-25T02:30:19.694Z', 'greenhouse_id': '3fa85f64-5717-4562-b3fc-2c963f66afa6', 'humidity': 70, 'soil_moisture': 80, 'temperature_reading': 45, 'trace_id': 'b79dcffc-aeaf-427d-9fc8-d1c47b48309f'}}
2022-10-26 00:18:50,012 - basicLogger - DEBUG - {'type': 'temperature_reading', 'datetime': '2022-10-25T22:48:25', 'payload': {'date_time': '2022-10-25T17:18:22.226Z', 'greenhouse_id': '3fa85f64-5717-4562-b3fc-2c963f66afa6', 'humidity': 30, 'soil_moisture': 40, 'temperature_reading': 45, 'trace_id': '8101386d-3074-4a0a-8e93-36ee422ef685'}}
2022-10-26 00:18:50,012 - basicLogger - DEBUG - {'type': 'temperature_reading', 'datetime': '2022-10-25T22:49:05', 'payload': {'date_time': '2022-10-25T17:18:22.226Z', 'greenhouse_id': '3fa85f64-5717-4562-b3fc-2c963f66afa6', 'humidity': 30, 'soil_moisture': 40, 'temperature_reading': 9, 'trace_id': '459543b9-4df3-46e3-bc3a-b4fbaa6f9632'}}
2022-10-26 00:18:50,020 - basicLogger - DEBUG - {'type': 'co2_reading', 'datetime': '2022-10-25T23:22:27', 'payload': {'co2_readings': 45, 'date_time': '2016-08-29T09:12:33.001000+00:00', 'greenhouse_id': '3fa85f64-5717-4562-b3fc-2c963f66afa6', 'humidity': 30, 'soil_moisture': 40, 'trace_id': 'a08adc6e-e58d-4138-8b5f-a952714089b1'}}
2022-10-26 00:19:59,062 - basicLogger - INFO - Retrieving temperature at index 1
2022-10-26 00:19:59,134 - basicLogger - DEBUG - {'type': 'temperature_reading', 'datetime': '2022-10-25T08:00:23', 'payload': {'date_time': '2022-10-25T02:30:19.694Z', 'greenhouse_id': '3fa85f64-5717-4562-b3fc-2c963f66afa6', 'humidity': 30, 'soil_moisture': 40, 'temperature_reading': 45, 'trace_id': 'c0b0324b-b1ce-4361-88f5-a4ff8c5b76e3'}}
2022-10-26 00:19:59,142 - basicLogger - DEBUG - {'type': 'temperature_reading', 'datetime': '2022-10-25T08:04:43', 'payload': {'date_time': '2022-10-25T02:30:19.694Z', 'greenhouse_id': '3fa85f64-5717-4562-b3fc-2c963f66afa6', 'humidity': 30, 'soil_moisture': 40, 'temperature_reading': 45, 'trace_id': 'e00264ad-83b9-4e6e-b600-7cc5f985fca1'}}
2022-10-26 00:19:59,142 - basicLogger - DEBUG - {'type': 'temperature_reading', 'datetime': '2022-10-25T08:18:07', 'payload': {'date_time': '2022-10-25T02:30:19.694Z', 'greenhouse_id': '3fa85f64-5717-4562-b3fc-2c963f66afa6', 'humidity': 70, 'soil_moisture': 40, 'temperature_reading': 45, 'trace_id': '9382d007-0bec-43b9-b3eb-6c62454bdf7a'}}
2022-10-26 00:19:59,150 - basicLogger - DEBUG - {'type': 'temperature_reading', 'datetime': '2022-10-25T08:20:55', 'payload': {'date_time': '2022-10-25T02:30:19.694Z', 'greenhouse_id': '3fa85f64-5717-4562-b3fc-2c963f66afa6', 'humidity': 70, 'soil_moisture': 80, 'temperature_reading': 45, 'trace_id': 'b79dcffc-aeaf-427d-9fc8-d1c47b48309f'}}
2022-10-26 00:19:59,150 - basicLogger - DEBUG - {'type': 'temperature_reading', 'datetime': '2022-10-25T22:48:25', 'payload': {'date_time': '2022-10-25T17:18:22.226Z', 'greenhouse_id': '3fa85f64-5717-4562-b3fc-2c963f66afa6', 'humidity': 30, 'soil_moisture': 40, 'temperature_reading': 45, 'trace_id': '8101386d-3074-4a0a-8e93-36ee422ef685'}}
2022-10-26 00:19:59,150 - basicLogger - DEBUG - {'type': 'temperature_reading', 'datetime': '2022-10-25T22:49:05', 'payload': {'date_time': '2022-10-25T17:18:22.226Z', 'greenhouse_id': '3fa85f64-5717-4562-b3fc-2c963f66afa6', 'humidity': 30, 'soil_moisture': 40, 'temperature_reading': 9, 'trace_id': '459543b9-4df3-46e3-bc3a-b4fbaa6f9632'}}
2022-10-26 00:19:59,158 - basicLogger - DEBUG - {'type': 'co2_reading', 'datetime': '2022-10-25T23:22:27', 'payload': {'co2_readings': 45, 'date_time': '2016-08-29T09:12:33.001000+00:00', 'greenhouse_id': '3fa85f64-5717-4562-b3fc-2c963f66afa6', 'humidity': 30, 'soil_moisture': 40, 'trace_id': 'a08adc6e-e58d-4138-8b5f-a952714089b1'}}
2022-10-26 00:56:58,723 - basicLogger - INFO - Retrieving temperature at index 2
2022-10-26 00:56:58,796 - basicLogger - DEBUG - {'type': 'temperature_reading', 'datetime': '2022-10-25T08:00:23', 'payload': {'date_time': '2022-10-25T02:30:19.694Z', 'greenhouse_id': '3fa85f64-5717-4562-b3fc-2c963f66afa6', 'humidity': 30, 'soil_moisture': 40, 'temperature_reading': 45, 'trace_id': 'c0b0324b-b1ce-4361-88f5-a4ff8c5b76e3'}}
2022-10-26 00:56:58,796 - basicLogger - DEBUG - {'type': 'temperature_reading', 'datetime': '2022-10-25T08:04:43', 'payload': {'date_time': '2022-10-25T02:30:19.694Z', 'greenhouse_id': '3fa85f64-5717-4562-b3fc-2c963f66afa6', 'humidity': 30, 'soil_moisture': 40, 'temperature_reading': 45, 'trace_id': 'e00264ad-83b9-4e6e-b600-7cc5f985fca1'}}
2022-10-26 00:56:58,796 - basicLogger - DEBUG - {'type': 'temperature_reading', 'datetime': '2022-10-25T08:18:07', 'payload': {'date_time': '2022-10-25T02:30:19.694Z', 'greenhouse_id': '3fa85f64-5717-4562-b3fc-2c963f66afa6', 'humidity': 70, 'soil_moisture': 40, 'temperature_reading': 45, 'trace_id': '9382d007-0bec-43b9-b3eb-6c62454bdf7a'}}
2022-10-26 00:56:58,804 - basicLogger - DEBUG - {'type': 'temperature_reading', 'datetime': '2022-10-25T08:20:55', 'payload': {'date_time': '2022-10-25T02:30:19.694Z', 'greenhouse_id': '3fa85f64-5717-4562-b3fc-2c963f66afa6', 'humidity': 70, 'soil_moisture': 80, 'temperature_reading': 45, 'trace_id': 'b79dcffc-aeaf-427d-9fc8-d1c47b48309f'}}
2022-10-26 00:56:58,804 - basicLogger - DEBUG - {'type': 'temperature_reading', 'datetime': '2022-10-25T22:48:25', 'payload': {'date_time': '2022-10-25T17:18:22.226Z', 'greenhouse_id': '3fa85f64-5717-4562-b3fc-2c963f66afa6', 'humidity': 30, 'soil_moisture': 40, 'temperature_reading': 45, 'trace_id': '8101386d-3074-4a0a-8e93-36ee422ef685'}}
2022-10-26 00:56:58,812 - basicLogger - DEBUG - {'type': 'temperature_reading', 'datetime': '2022-10-25T22:49:05', 'payload': {'date_time': '2022-10-25T17:18:22.226Z', 'greenhouse_id': '3fa85f64-5717-4562-b3fc-2c963f66afa6', 'humidity': 30, 'soil_moisture': 40, 'temperature_reading': 9, 'trace_id': '459543b9-4df3-46e3-bc3a-b4fbaa6f9632'}}
2022-10-26 00:56:58,812 - basicLogger - DEBUG - {'type': 'co2_reading', 'datetime': '2022-10-25T23:22:27', 'payload': {'co2_readings': 45, 'date_time': '2016-08-29T09:12:33.001000+00:00', 'greenhouse_id': '3fa85f64-5717-4562-b3fc-2c963f66afa6', 'humidity': 30, 'soil_moisture': 40, 'trace_id': 'a08adc6e-e58d-4138-8b5f-a952714089b1'}}
2022-10-26 01:29:58,924 - basicLogger - INFO - Retrieving temperature at index 2
2022-10-26 01:29:59,001 - basicLogger - DEBUG - {'type': 'temperature_reading', 'datetime': '2022-10-25T08:00:23', 'payload': {'date_time': '2022-10-25T02:30:19.694Z', 'greenhouse_id': '3fa85f64-5717-4562-b3fc-2c963f66afa6', 'humidity': 30, 'soil_moisture': 40, 'temperature_reading': 45, 'trace_id': 'c0b0324b-b1ce-4361-88f5-a4ff8c5b76e3'}}
2022-10-26 01:29:59,009 - basicLogger - DEBUG - {'type': 'temperature_reading', 'datetime': '2022-10-25T08:04:43', 'payload': {'date_time': '2022-10-25T02:30:19.694Z', 'greenhouse_id': '3fa85f64-5717-4562-b3fc-2c963f66afa6', 'humidity': 30, 'soil_moisture': 40, 'temperature_reading': 45, 'trace_id': 'e00264ad-83b9-4e6e-b600-7cc5f985fca1'}}
2022-10-26 01:29:59,009 - basicLogger - DEBUG - {'type': 'temperature_reading', 'datetime': '2022-10-25T08:18:07', 'payload': {'date_time': '2022-10-25T02:30:19.694Z', 'greenhouse_id': '3fa85f64-5717-4562-b3fc-2c963f66afa6', 'humidity': 70, 'soil_moisture': 40, 'temperature_reading': 45, 'trace_id': '9382d007-0bec-43b9-b3eb-6c62454bdf7a'}}
2022-10-26 01:29:59,018 - basicLogger - DEBUG - {'type': 'temperature_reading', 'datetime': '2022-10-25T08:20:55', 'payload': {'date_time': '2022-10-25T02:30:19.694Z', 'greenhouse_id': '3fa85f64-5717-4562-b3fc-2c963f66afa6', 'humidity': 70, 'soil_moisture': 80, 'temperature_reading': 45, 'trace_id': 'b79dcffc-aeaf-427d-9fc8-d1c47b48309f'}}
2022-10-26 01:29:59,026 - basicLogger - DEBUG - {'type': 'temperature_reading', 'datetime': '2022-10-25T22:48:25', 'payload': {'date_time': '2022-10-25T17:18:22.226Z', 'greenhouse_id': '3fa85f64-5717-4562-b3fc-2c963f66afa6', 'humidity': 30, 'soil_moisture': 40, 'temperature_reading': 45, 'trace_id': '8101386d-3074-4a0a-8e93-36ee422ef685'}}
2022-10-26 01:29:59,026 - basicLogger - DEBUG - {'type': 'temperature_reading', 'datetime': '2022-10-25T22:49:05', 'payload': {'date_time': '2022-10-25T17:18:22.226Z', 'greenhouse_id': '3fa85f64-5717-4562-b3fc-2c963f66afa6', 'humidity': 30, 'soil_moisture': 40, 'temperature_reading': 9, 'trace_id': '459543b9-4df3-46e3-bc3a-b4fbaa6f9632'}}
2022-10-26 01:29:59,032 - basicLogger - DEBUG - {'type': 'co2_reading', 'datetime': '2022-10-25T23:22:27', 'payload': {'co2_readings': 45, 'date_time': '2016-08-29T09:12:33.001000+00:00', 'greenhouse_id': '3fa85f64-5717-4562-b3fc-2c963f66afa6', 'humidity': 30, 'soil_moisture': 40, 'trace_id': 'a08adc6e-e58d-4138-8b5f-a952714089b1'}}
2022-10-26 01:32:41,670 - basicLogger - INFO - Retrieving temperature at index 2
2022-10-26 01:34:15,693 - basicLogger - INFO - Retrieving temperature at index 2
2022-10-26 01:34:27,542 - basicLogger - INFO - Retrieving temperature at index 1
2022-10-26 01:41:43,200 - basicLogger - INFO - Retrieving temperature at index 1
2022-10-26 01:42:07,072 - basicLogger - INFO - Retrieving co2 at index 2
2022-10-26 01:59:08,198 - basicLogger - INFO - Retrieving co2 at index 2
2022-10-26 01:59:08,270 - basicLogger - DEBUG - {'type': 'temperature_reading', 'datetime': '2022-10-25T08:00:23', 'payload': {'date_time': '2022-10-25T02:30:19.694Z', 'greenhouse_id': '3fa85f64-5717-4562-b3fc-2c963f66afa6', 'humidity': 30, 'soil_moisture': 40, 'temperature_reading': 45, 'trace_id': 'c0b0324b-b1ce-4361-88f5-a4ff8c5b76e3'}}
2022-10-26 01:59:08,271 - basicLogger - DEBUG - {'type': 'temperature_reading', 'datetime': '2022-10-25T08:04:43', 'payload': {'date_time': '2022-10-25T02:30:19.694Z', 'greenhouse_id': '3fa85f64-5717-4562-b3fc-2c963f66afa6', 'humidity': 30, 'soil_moisture': 40, 'temperature_reading': 45, 'trace_id': 'e00264ad-83b9-4e6e-b600-7cc5f985fca1'}}
2022-10-26 01:59:08,274 - basicLogger - DEBUG - {'type': 'temperature_reading', 'datetime': '2022-10-25T08:18:07', 'payload': {'date_time': '2022-10-25T02:30:19.694Z', 'greenhouse_id': '3fa85f64-5717-4562-b3fc-2c963f66afa6', 'humidity': 70, 'soil_moisture': 40, 'temperature_reading': 45, 'trace_id': '9382d007-0bec-43b9-b3eb-6c62454bdf7a'}}
2022-10-26 01:59:08,276 - basicLogger - DEBUG - {'type': 'temperature_reading', 'datetime': '2022-10-25T08:20:55', 'payload': {'date_time': '2022-10-25T02:30:19.694Z', 'greenhouse_id': '3fa85f64-5717-4562-b3fc-2c963f66afa6', 'humidity': 70, 'soil_moisture': 80, 'temperature_reading': 45, 'trace_id': 'b79dcffc-aeaf-427d-9fc8-d1c47b48309f'}}
2022-10-26 01:59:08,278 - basicLogger - DEBUG - {'type': 'temperature_reading', 'datetime': '2022-10-25T22:48:25', 'payload': {'date_time': '2022-10-25T17:18:22.226Z', 'greenhouse_id': '3fa85f64-5717-4562-b3fc-2c963f66afa6', 'humidity': 30, 'soil_moisture': 40, 'temperature_reading': 45, 'trace_id': '8101386d-3074-4a0a-8e93-36ee422ef685'}}
2022-10-26 01:59:08,279 - basicLogger - DEBUG - {'type': 'temperature_reading', 'datetime': '2022-10-25T22:49:05', 'payload': {'date_time': '2022-10-25T17:18:22.226Z', 'greenhouse_id': '3fa85f64-5717-4562-b3fc-2c963f66afa6', 'humidity': 30, 'soil_moisture': 40, 'temperature_reading': 9, 'trace_id': '459543b9-4df3-46e3-bc3a-b4fbaa6f9632'}}
2022-10-26 01:59:08,280 - basicLogger - DEBUG - {'type': 'co2_reading', 'datetime': '2022-10-25T23:22:27', 'payload': {'co2_readings': 45, 'date_time': '2016-08-29T09:12:33.001000+00:00', 'greenhouse_id': '3fa85f64-5717-4562-b3fc-2c963f66afa6', 'humidity': 30, 'soil_moisture': 40, 'trace_id': 'a08adc6e-e58d-4138-8b5f-a952714089b1'}}
2022-10-26 23:55:33,007 - basicLogger - INFO - Retrieving co2 at index 1
2022-10-26 23:55:33,083 - basicLogger - DEBUG - {'type': 'temperature_reading', 'datetime': '2022-10-25T08:00:23', 'payload': {'date_time': '2022-10-25T02:30:19.694Z', 'greenhouse_id': '3fa85f64-5717-4562-b3fc-2c963f66afa6', 'humidity': 30, 'soil_moisture': 40, 'temperature_reading': 45, 'trace_id': 'c0b0324b-b1ce-4361-88f5-a4ff8c5b76e3'}}
2022-10-26 23:55:33,085 - basicLogger - DEBUG - {'type': 'temperature_reading', 'datetime': '2022-10-25T08:04:43', 'payload': {'date_time': '2022-10-25T02:30:19.694Z', 'greenhouse_id': '3fa85f64-5717-4562-b3fc-2c963f66afa6', 'humidity': 30, 'soil_moisture': 40, 'temperature_reading': 45, 'trace_id': 'e00264ad-83b9-4e6e-b600-7cc5f985fca1'}}
2022-10-26 23:55:33,087 - basicLogger - DEBUG - {'type': 'temperature_reading', 'datetime': '2022-10-25T08:18:07', 'payload': {'date_time': '2022-10-25T02:30:19.694Z', 'greenhouse_id': '3fa85f64-5717-4562-b3fc-2c963f66afa6', 'humidity': 70, 'soil_moisture': 40, 'temperature_reading': 45, 'trace_id': '9382d007-0bec-43b9-b3eb-6c62454bdf7a'}}
2022-10-26 23:55:33,092 - basicLogger - DEBUG - {'type': 'temperature_reading', 'datetime': '2022-10-25T08:20:55', 'payload': {'date_time': '2022-10-25T02:30:19.694Z', 'greenhouse_id': '3fa85f64-5717-4562-b3fc-2c963f66afa6', 'humidity': 70, 'soil_moisture': 80, 'temperature_reading': 45, 'trace_id': 'b79dcffc-aeaf-427d-9fc8-d1c47b48309f'}}
2022-10-26 23:55:33,094 - basicLogger - DEBUG - {'type': 'temperature_reading', 'datetime': '2022-10-25T22:48:25', 'payload': {'date_time': '2022-10-25T17:18:22.226Z', 'greenhouse_id': '3fa85f64-5717-4562-b3fc-2c963f66afa6', 'humidity': 30, 'soil_moisture': 40, 'temperature_reading': 45, 'trace_id': '8101386d-3074-4a0a-8e93-36ee422ef685'}}
2022-10-26 23:55:33,097 - basicLogger - DEBUG - {'type': 'temperature_reading', 'datetime': '2022-10-25T22:49:05', 'payload': {'date_time': '2022-10-25T17:18:22.226Z', 'greenhouse_id': '3fa85f64-5717-4562-b3fc-2c963f66afa6', 'humidity': 30, 'soil_moisture': 40, 'temperature_reading': 9, 'trace_id': '459543b9-4df3-46e3-bc3a-b4fbaa6f9632'}}
2022-10-26 23:55:33,098 - basicLogger - DEBUG - {'type': 'co2_reading', 'datetime': '2022-10-25T23:22:27', 'payload': {'co2_readings': 45, 'date_time': '2016-08-29T09:12:33.001000+00:00', 'greenhouse_id': '3fa85f64-5717-4562-b3fc-2c963f66afa6', 'humidity': 30, 'soil_moisture': 40, 'trace_id': 'a08adc6e-e58d-4138-8b5f-a952714089b1'}}
2022-10-27 00:15:24,998 - basicLogger - INFO - Retrieving co2 at index 1
2022-10-27 00:15:25,098 - basicLogger - ERROR - No more messages found
2022-10-27 00:15:25,110 - basicLogger - ERROR - Could not find co2 at index 1
2022-10-27 00:15:40,837 - basicLogger - INFO - Retrieving co2 at index 0
2022-10-27 00:15:40,915 - basicLogger - ERROR - No more messages found
2022-10-27 00:15:40,915 - basicLogger - ERROR - Could not find co2 at index 0
2022-10-27 00:22:35,455 - basicLogger - INFO - Retrieving co2 at index 0
2022-10-27 00:22:35,527 - basicLogger - ERROR - No more messages found
2022-10-27 00:22:35,528 - basicLogger - ERROR - Could not find co2 at index 0
2022-10-27 00:23:47,352 - basicLogger - INFO - Retrieving co2 at index 1
2022-10-27 00:23:47,424 - basicLogger - DEBUG - temperature_reading
2022-10-27 00:23:47,425 - basicLogger - ERROR - No more messages found
2022-10-27 00:23:47,425 - basicLogger - ERROR - Could not find co2 at index 1
hello2022-10-27 00:24:48,650 - basicLogger - INFO - Retrieving co2 at index 1
2022-10-27 00:24:48,726 - basicLogger - DEBUG - temperature_reading
2022-10-27 00:24:48,726 - basicLogger - ERROR - No more messages found
2022-10-27 00:24:48,727 - basicLogger - ERROR - Could not find co2 at index 1
2022-10-27 00:35:14,251 - basicLogger - INFO - Retrieving co2 at index 1
2022-10-27 00:35:14,325 - basicLogger - DEBUG - {'type': 'temperature_reading', 'datetime': '2022-10-25T08:00:23', 'payload': {'date_time': '2022-10-25T02:30:19.694Z', 'greenhouse_id': '3fa85f64-5717-4562-b3fc-2c963f66afa6', 'humidity': 30, 'soil_moisture': 40, 'temperature_reading': 45, 'trace_id': 'c0b0324b-b1ce-4361-88f5-a4ff8c5b76e3'}}
2022-10-27 00:35:14,326 - basicLogger - ERROR - No more messages found
2022-10-27 00:35:14,327 - basicLogger - ERROR - Could not find co2 at index 1
2022-10-27 00:37:17,608 - basicLogger - INFO - Retrieving temperature at index 1
2022-10-27 00:37:17,681 - basicLogger - DEBUG - {'type': 'temperature_reading', 'datetime': '2022-10-25T08:00:23', 'payload': {'date_time': '2022-10-25T02:30:19.694Z', 'greenhouse_id': '3fa85f64-5717-4562-b3fc-2c963f66afa6', 'humidity': 30, 'soil_moisture': 40, 'temperature_reading': 45, 'trace_id': 'c0b0324b-b1ce-4361-88f5-a4ff8c5b76e3'}}
2022-10-27 00:37:17,682 - basicLogger - ERROR - No more messages found
2022-10-27 00:37:17,683 - basicLogger - ERROR - Could not find BP at index 1
2022-10-27 00:38:36,254 - basicLogger - INFO - Retrieving temperature at index 1
2022-10-27 00:38:36,326 - basicLogger - DEBUG - {'type': 'temperature_reading', 'datetime': '2022-10-25T08:00:23', 'payload': {'date_time': '2022-10-25T02:30:19.694Z', 'greenhouse_id': '3fa85f64-5717-4562-b3fc-2c963f66afa6', 'humidity': 30, 'soil_moisture': 40, 'temperature_reading': 45, 'trace_id': 'c0b0324b-b1ce-4361-88f5-a4ff8c5b76e3'}}
2022-10-27 00:38:36,329 - basicLogger - DEBUG - hello
2022-10-27 00:38:36,330 - basicLogger - ERROR - No more messages found
2022-10-27 00:38:36,330 - basicLogger - ERROR - Could not find BP at index 1
2022-10-27 00:40:23,571 - basicLogger - INFO - Retrieving temperature at index 1
2022-10-27 00:40:23,644 - basicLogger - DEBUG - temperature_reading
2022-10-27 00:40:23,646 - basicLogger - DEBUG - hello
2022-10-27 00:40:23,647 - basicLogger - ERROR - No more messages found
2022-10-27 00:40:23,648 - basicLogger - ERROR - Could not find temperature at index 1
2022-10-27 00:42:54,619 - basicLogger - INFO - Retrieving temperature at index 1
2022-10-27 00:42:54,701 - basicLogger - DEBUG - temperature_reading
2022-10-27 00:42:54,701 - basicLogger - DEBUG - hello
2022-10-27 00:42:54,701 - basicLogger - ERROR - No more messages found
2022-10-27 00:42:54,709 - basicLogger - ERROR - Could not find temperature at index 1
2022-10-27 00:44:02,070 - basicLogger - INFO - Retrieving temperature at index 1
2022-10-27 00:44:02,141 - basicLogger - DEBUG - temperature_reading
2022-10-27 00:44:02,141 - basicLogger - DEBUG - hello
2022-10-27 00:44:02,141 - basicLogger - DEBUG - [{'type': 'temperature_reading', 'datetime': '2022-10-25T08:00:23', 'payload': {'date_time': '2022-10-25T02:30:19.694Z', 'greenhouse_id': '3fa85f64-5717-4562-b3fc-2c963f66afa6', 'humidity': 30, 'soil_moisture': 40, 'temperature_reading': 45, 'trace_id': 'c0b0324b-b1ce-4361-88f5-a4ff8c5b76e3'}}]
2022-10-27 00:44:02,141 - basicLogger - ERROR - No more messages found
2022-10-27 00:44:02,141 - basicLogger - ERROR - Could not find temperature at index 1
2022-10-27 00:45:18,144 - basicLogger - INFO - Retrieving temperature at index 1
2022-10-27 00:45:18,223 - basicLogger - DEBUG - temperature_reading
2022-10-27 00:45:18,223 - basicLogger - DEBUG - hello
2022-10-27 00:45:18,223 - basicLogger - DEBUG - [{'type': 'temperature_reading', 'datetime': '2022-10-25T08:00:23', 'payload': {'date_time': '2022-10-25T02:30:19.694Z', 'greenhouse_id': '3fa85f64-5717-4562-b3fc-2c963f66afa6', 'humidity': 30, 'soil_moisture': 40, 'temperature_reading': 45, 'trace_id': 'c0b0324b-b1ce-4361-88f5-a4ff8c5b76e3'}}]
2022-10-27 00:45:18,223 - basicLogger - ERROR - No more messages found
2022-10-27 00:45:18,231 - basicLogger - ERROR - Could not find temperature at index 1
2022-10-27 00:46:14,075 - basicLogger - INFO - Retrieving temperature at index 1
2022-10-27 00:46:14,148 - basicLogger - DEBUG - temperature_reading
2022-10-27 00:46:14,148 - basicLogger - DEBUG - hello
2022-10-27 00:46:14,148 - basicLogger - DEBUG - {'type': 'temperature_reading', 'datetime': '2022-10-25T08:00:23', 'payload': {'date_time': '2022-10-25T02:30:19.694Z', 'greenhouse_id': '3fa85f64-5717-4562-b3fc-2c963f66afa6', 'humidity': 30, 'soil_moisture': 40, 'temperature_reading': 45, 'trace_id': 'c0b0324b-b1ce-4361-88f5-a4ff8c5b76e3'}}
2022-10-27 00:46:14,148 - basicLogger - ERROR - No more messages found
2022-10-27 00:46:14,148 - basicLogger - ERROR - Could not find temperature at index 1
2022-10-27 00:47:16,825 - basicLogger - INFO - Retrieving temperature at index 1
2022-10-27 00:47:16,896 - basicLogger - DEBUG - temperature_reading
2022-10-27 00:47:16,896 - basicLogger - DEBUG - hello
2022-10-27 00:47:16,896 - basicLogger - DEBUG - {'type': 'temperature_reading', 'datetime': '2022-10-25T08:00:23', 'payload': {'date_time': '2022-10-25T02:30:19.694Z', 'greenhouse_id': '3fa85f64-5717-4562-b3fc-2c963f66afa6', 'humidity': 30, 'soil_moisture': 40, 'temperature_reading': 45, 'trace_id': 'c0b0324b-b1ce-4361-88f5-a4ff8c5b76e3'}}
2022-10-27 00:47:16,904 - basicLogger - DEBUG - temperature_reading
2022-10-27 00:47:16,904 - basicLogger - DEBUG - hello
2022-10-27 00:47:16,904 - basicLogger - DEBUG - {'type': 'temperature_reading', 'datetime': '2022-10-25T08:00:23', 'payload': {'date_time': '2022-10-25T02:30:19.694Z', 'greenhouse_id': '3fa85f64-5717-4562-b3fc-2c963f66afa6', 'humidity': 30, 'soil_moisture': 40, 'temperature_reading': 45, 'trace_id': 'c0b0324b-b1ce-4361-88f5-a4ff8c5b76e3'}}
2022-10-27 00:47:16,912 - basicLogger - DEBUG - temperature_reading
2022-10-27 00:47:16,912 - basicLogger - DEBUG - hello
2022-10-27 00:47:16,912 - basicLogger - DEBUG - {'type': 'temperature_reading', 'datetime': '2022-10-25T08:00:23', 'payload': {'date_time': '2022-10-25T02:30:19.694Z', 'greenhouse_id': '3fa85f64-5717-4562-b3fc-2c963f66afa6', 'humidity': 30, 'soil_moisture': 40, 'temperature_reading': 45, 'trace_id': 'c0b0324b-b1ce-4361-88f5-a4ff8c5b76e3'}}
2022-10-27 00:47:16,920 - basicLogger - DEBUG - temperature_reading
2022-10-27 00:47:16,920 - basicLogger - DEBUG - hello
2022-10-27 00:47:16,920 - basicLogger - DEBUG - {'type': 'temperature_reading', 'datetime': '2022-10-25T08:00:23', 'payload': {'date_time': '2022-10-25T02:30:19.694Z', 'greenhouse_id': '3fa85f64-5717-4562-b3fc-2c963f66afa6', 'humidity': 30, 'soil_moisture': 40, 'temperature_reading': 45, 'trace_id': 'c0b0324b-b1ce-4361-88f5-a4ff8c5b76e3'}}
2022-10-27 00:47:16,928 - basicLogger - DEBUG - temperature_reading
2022-10-27 00:47:16,928 - basicLogger - DEBUG - hello
2022-10-27 00:47:16,928 - basicLogger - DEBUG - {'type': 'temperature_reading', 'datetime': '2022-10-25T08:00:23', 'payload': {'date_time': '2022-10-25T02:30:19.694Z', 'greenhouse_id': '3fa85f64-5717-4562-b3fc-2c963f66afa6', 'humidity': 30, 'soil_moisture': 40, 'temperature_reading': 45, 'trace_id': 'c0b0324b-b1ce-4361-88f5-a4ff8c5b76e3'}}
2022-10-27 00:47:16,936 - basicLogger - DEBUG - temperature_reading
2022-10-27 00:47:16,947 - basicLogger - DEBUG - hello
2022-10-27 00:47:16,947 - basicLogger - DEBUG - {'type': 'temperature_reading', 'datetime': '2022-10-25T08:00:23', 'payload': {'date_time': '2022-10-25T02:30:19.694Z', 'greenhouse_id': '3fa85f64-5717-4562-b3fc-2c963f66afa6', 'humidity': 30, 'soil_moisture': 40, 'temperature_reading': 45, 'trace_id': 'c0b0324b-b1ce-4361-88f5-a4ff8c5b76e3'}}
2022-10-27 00:47:16,947 - basicLogger - DEBUG - co2_reading
2022-10-27 00:47:16,955 - basicLogger - DEBUG - co2_reading
2022-10-27 00:47:17,967 - basicLogger - ERROR - No more messages found
2022-10-27 00:47:17,967 - basicLogger - ERROR - Could not find temperature at index 1
2022-10-27 00:48:05,794 - basicLogger - INFO - Retrieving temperature at index 1
2022-10-27 00:48:05,881 - basicLogger - DEBUG - temperature_reading
2022-10-27 00:48:05,890 - basicLogger - DEBUG - hello
2022-10-27 00:48:05,890 - basicLogger - DEBUG - {'type': 'temperature_reading', 'datetime': '2022-10-25T08:00:23', 'payload': {'date_time': '2022-10-25T02:30:19.694Z', 'greenhouse_id': '3fa85f64-5717-4562-b3fc-2c963f66afa6', 'humidity': 30, 'soil_moisture': 40, 'temperature_reading': 45, 'trace_id': 'c0b0324b-b1ce-4361-88f5-a4ff8c5b76e3'}}
2022-10-27 00:48:05,898 - basicLogger - DEBUG - temperature_reading
2022-10-27 00:48:05,898 - basicLogger - DEBUG - hello
2022-10-27 00:48:05,898 - basicLogger - DEBUG - {'type': 'temperature_reading', 'datetime': '2022-10-25T08:00:23', 'payload': {'date_time': '2022-10-25T02:30:19.694Z', 'greenhouse_id': '3fa85f64-5717-4562-b3fc-2c963f66afa6', 'humidity': 30, 'soil_moisture': 40, 'temperature_reading': 45, 'trace_id': 'c0b0324b-b1ce-4361-88f5-a4ff8c5b76e3'}}
2022-10-27 00:48:05,914 - basicLogger - DEBUG - temperature_reading
2022-10-27 00:48:05,921 - basicLogger - DEBUG - hello
2022-10-27 00:48:05,921 - basicLogger - DEBUG - {'type': 'temperature_reading', 'datetime': '2022-10-25T08:00:23', 'payload': {'date_time': '2022-10-25T02:30:19.694Z', 'greenhouse_id': '3fa85f64-5717-4562-b3fc-2c963f66afa6', 'humidity': 30, 'soil_moisture': 40, 'temperature_reading': 45, 'trace_id': 'c0b0324b-b1ce-4361-88f5-a4ff8c5b76e3'}}
2022-10-27 00:48:05,930 - basicLogger - DEBUG - temperature_reading
2022-10-27 00:48:05,938 - basicLogger - DEBUG - hello
2022-10-27 00:48:05,938 - basicLogger - DEBUG - {'type': 'temperature_reading', 'datetime': '2022-10-25T08:00:23', 'payload': {'date_time': '2022-10-25T02:30:19.694Z', 'greenhouse_id': '3fa85f64-5717-4562-b3fc-2c963f66afa6', 'humidity': 30, 'soil_moisture': 40, 'temperature_reading': 45, 'trace_id': 'c0b0324b-b1ce-4361-88f5-a4ff8c5b76e3'}}
2022-10-27 00:48:05,938 - basicLogger - DEBUG - temperature_reading
2022-10-27 00:48:05,938 - basicLogger - DEBUG - hello
2022-10-27 00:48:05,946 - basicLogger - DEBUG - {'type': 'temperature_reading', 'datetime': '2022-10-25T08:00:23', 'payload': {'date_time': '2022-10-25T02:30:19.694Z', 'greenhouse_id': '3fa85f64-5717-4562-b3fc-2c963f66afa6', 'humidity': 30, 'soil_moisture': 40, 'temperature_reading': 45, 'trace_id': 'c0b0324b-b1ce-4361-88f5-a4ff8c5b76e3'}}
2022-10-27 00:48:05,946 - basicLogger - DEBUG - temperature_reading
2022-10-27 00:48:05,954 - basicLogger - DEBUG - hello
2022-10-27 00:48:05,954 - basicLogger - DEBUG - {'type': 'temperature_reading', 'datetime': '2022-10-25T08:00:23', 'payload': {'date_time': '2022-10-25T02:30:19.694Z', 'greenhouse_id': '3fa85f64-5717-4562-b3fc-2c963f66afa6', 'humidity': 30, 'soil_moisture': 40, 'temperature_reading': 45, 'trace_id': 'c0b0324b-b1ce-4361-88f5-a4ff8c5b76e3'}}
2022-10-27 00:48:05,970 - basicLogger - DEBUG - co2_reading
2022-10-27 00:48:05,978 - basicLogger - DEBUG - co2_reading
2022-10-27 00:48:06,984 - basicLogger - ERROR - No more messages found
2022-10-27 00:48:06,984 - basicLogger - ERROR - Could not find temperature at index 1
hello2022-10-27 00:49:07,901 - basicLogger - INFO - Retrieving temperature at index 1
2022-10-27 00:49:07,965 - basicLogger - DEBUG - temperature_reading
2022-10-27 00:49:07,973 - basicLogger - DEBUG - hello
2022-10-27 00:49:07,973 - basicLogger - DEBUG - {'type': 'temperature_reading', 'datetime': '2022-10-25T08:00:23', 'payload': {'date_time': '2022-10-25T02:30:19.694Z', 'greenhouse_id': '3fa85f64-5717-4562-b3fc-2c963f66afa6', 'humidity': 30, 'soil_moisture': 40, 'temperature_reading': 45, 'trace_id': 'c0b0324b-b1ce-4361-88f5-a4ff8c5b76e3'}}
2022-10-27 00:49:07,973 - basicLogger - DEBUG - temperature_reading
2022-10-27 00:49:07,973 - basicLogger - DEBUG - hello
2022-10-27 00:49:07,973 - basicLogger - DEBUG - {'type': 'temperature_reading', 'datetime': '2022-10-25T08:00:23', 'payload': {'date_time': '2022-10-25T02:30:19.694Z', 'greenhouse_id': '3fa85f64-5717-4562-b3fc-2c963f66afa6', 'humidity': 30, 'soil_moisture': 40, 'temperature_reading': 45, 'trace_id': 'c0b0324b-b1ce-4361-88f5-a4ff8c5b76e3'}}
2022-10-27 00:49:07,981 - basicLogger - DEBUG - temperature_reading
2022-10-27 00:49:07,981 - basicLogger - DEBUG - hello
2022-10-27 00:49:07,981 - basicLogger - DEBUG - {'type': 'temperature_reading', 'datetime': '2022-10-25T08:00:23', 'payload': {'date_time': '2022-10-25T02:30:19.694Z', 'greenhouse_id': '3fa85f64-5717-4562-b3fc-2c963f66afa6', 'humidity': 30, 'soil_moisture': 40, 'temperature_reading': 45, 'trace_id': 'c0b0324b-b1ce-4361-88f5-a4ff8c5b76e3'}}
2022-10-27 00:49:07,981 - basicLogger - DEBUG - temperature_reading
2022-10-27 00:49:07,989 - basicLogger - DEBUG - hello
2022-10-27 00:49:07,989 - basicLogger - DEBUG - {'type': 'temperature_reading', 'datetime': '2022-10-25T08:00:23', 'payload': {'date_time': '2022-10-25T02:30:19.694Z', 'greenhouse_id': '3fa85f64-5717-4562-b3fc-2c963f66afa6', 'humidity': 30, 'soil_moisture': 40, 'temperature_reading': 45, 'trace_id': 'c0b0324b-b1ce-4361-88f5-a4ff8c5b76e3'}}
2022-10-27 00:49:07,989 - basicLogger - DEBUG - temperature_reading
2022-10-27 00:49:07,989 - basicLogger - DEBUG - hello
2022-10-27 00:49:07,997 - basicLogger - DEBUG - {'type': 'temperature_reading', 'datetime': '2022-10-25T08:00:23', 'payload': {'date_time': '2022-10-25T02:30:19.694Z', 'greenhouse_id': '3fa85f64-5717-4562-b3fc-2c963f66afa6', 'humidity': 30, 'soil_moisture': 40, 'temperature_reading': 45, 'trace_id': 'c0b0324b-b1ce-4361-88f5-a4ff8c5b76e3'}}
2022-10-27 00:49:08,005 - basicLogger - DEBUG - temperature_reading
2022-10-27 00:49:08,005 - basicLogger - DEBUG - hello
2022-10-27 00:49:08,013 - basicLogger - DEBUG - {'type': 'temperature_reading', 'datetime': '2022-10-25T08:00:23', 'payload': {'date_time': '2022-10-25T02:30:19.694Z', 'greenhouse_id': '3fa85f64-5717-4562-b3fc-2c963f66afa6', 'humidity': 30, 'soil_moisture': 40, 'temperature_reading': 45, 'trace_id': 'c0b0324b-b1ce-4361-88f5-a4ff8c5b76e3'}}
2022-10-27 00:49:08,013 - basicLogger - DEBUG - co2_reading
2022-10-27 00:49:08,013 - basicLogger - DEBUG - co2_reading
2022-10-27 00:49:09,031 - basicLogger - ERROR - No more messages found
2022-10-27 00:49:09,031 - basicLogger - ERROR - Could not find temperature at index 1
2022-10-27 00:50:11,744 - basicLogger - INFO - Retrieving co2 at index 1
2022-10-27 00:50:11,817 - basicLogger - DEBUG - {'type': 'temperature_reading', 'datetime': '2022-10-25T08:00:23', 'payload': {'date_time': '2022-10-25T02:30:19.694Z', 'greenhouse_id': '3fa85f64-5717-4562-b3fc-2c963f66afa6', 'humidity': 30, 'soil_moisture': 40, 'temperature_reading': 45, 'trace_id': 'c0b0324b-b1ce-4361-88f5-a4ff8c5b76e3'}}
2022-10-27 00:50:11,817 - basicLogger - ERROR - No more messages found
2022-10-27 00:50:11,817 - basicLogger - ERROR - Could not find co2 at index 1
2022-10-27 00:53:03,724 - basicLogger - INFO - Retrieving co2 at index 1
2022-10-27 00:53:03,804 - basicLogger - DEBUG - {'type': 'temperature_reading', 'datetime': '2022-10-25T08:00:23', 'payload': {'date_time': '2022-10-25T02:30:19.694Z', 'greenhouse_id': '3fa85f64-5717-4562-b3fc-2c963f66afa6', 'humidity': 30, 'soil_moisture': 40, 'temperature_reading': 45, 'trace_id': 'c0b0324b-b1ce-4361-88f5-a4ff8c5b76e3'}}
2022-10-27 00:53:03,804 - basicLogger - ERROR - No more messages found
2022-10-27 00:53:03,812 - basicLogger - ERROR - Could not find co2 at index 1
2022-10-27 00:53:11,226 - basicLogger - INFO - Retrieving temperature at index 1
2022-10-27 00:53:11,302 - basicLogger - DEBUG - temperature_reading
2022-10-27 00:53:11,312 - basicLogger - DEBUG - temperature_reading
2022-10-27 00:53:11,318 - basicLogger - DEBUG - temperature_reading
2022-10-27 00:53:11,333 - basicLogger - DEBUG - temperature_reading
2022-10-27 00:53:11,341 - basicLogger - DEBUG - temperature_reading
2022-10-27 00:53:11,350 - basicLogger - DEBUG - temperature_reading
2022-10-27 00:53:11,364 - basicLogger - DEBUG - co2_reading
2022-10-27 00:53:11,367 - basicLogger - DEBUG - co2_reading
2022-10-27 00:53:12,374 - basicLogger - DEBUG - {'type': 'temperature_reading', 'datetime': '2022-10-25T08:00:23', 'payload': {'date_time': '2022-10-25T02:30:19.694Z', 'greenhouse_id': '3fa85f64-5717-4562-b3fc-2c963f66afa6', 'humidity': 30, 'soil_moisture': 40, 'temperature_reading': 45, 'trace_id': 'c0b0324b-b1ce-4361-88f5-a4ff8c5b76e3'}}
2022-10-27 00:53:12,382 - basicLogger - ERROR - No more messages found
2022-10-27 00:53:12,382 - basicLogger - ERROR - Could not find temperature at index 1
hello2022-10-27 00:54:50,024 - basicLogger - INFO - Retrieving temperature at index 1
2022-10-27 00:54:50,101 - basicLogger - DEBUG - temperature_reading
2022-10-27 00:54:50,101 - basicLogger - DEBUG - temperature_reading
2022-10-27 00:54:50,101 - basicLogger - DEBUG - temperature_reading
2022-10-27 00:54:50,113 - basicLogger - DEBUG - temperature_reading
2022-10-27 00:54:50,113 - basicLogger - DEBUG - temperature_reading
2022-10-27 00:54:50,117 - basicLogger - DEBUG - temperature_reading
2022-10-27 00:54:50,121 - basicLogger - DEBUG - co2_reading
2022-10-27 00:54:50,121 - basicLogger - DEBUG - co2_reading
2022-10-27 00:54:51,136 - basicLogger - DEBUG - {'type': 'temperature_reading', 'datetime': '2022-10-25T08:00:23', 'payload': {'date_time': '2022-10-25T02:30:19.694Z', 'greenhouse_id': '3fa85f64-5717-4562-b3fc-2c963f66afa6', 'humidity': 30, 'soil_moisture': 40, 'temperature_reading': 45, 'trace_id': 'c0b0324b-b1ce-4361-88f5-a4ff8c5b76e3'}}
2022-10-27 00:56:03,695 - basicLogger - INFO - Retrieving temperature at index 1
2022-10-27 00:56:03,778 - basicLogger - DEBUG - temperature_reading
2022-10-27 00:56:03,786 - basicLogger - DEBUG - temperature_reading
2022-10-27 00:56:03,786 - basicLogger - DEBUG - temperature_reading
2022-10-27 00:56:03,786 - basicLogger - DEBUG - temperature_reading
2022-10-27 00:56:03,794 - basicLogger - DEBUG - temperature_reading
2022-10-27 00:56:03,794 - basicLogger - DEBUG - temperature_reading
2022-10-27 00:56:03,794 - basicLogger - DEBUG - co2_reading
2022-10-27 00:56:03,794 - basicLogger - DEBUG - co2_reading
2022-10-27 00:56:04,812 - basicLogger - DEBUG - {'type': 'temperature_reading', 'datetime': '2022-10-25T08:00:23', 'payload': {'date_time': '2022-10-25T02:30:19.694Z', 'greenhouse_id': '3fa85f64-5717-4562-b3fc-2c963f66afa6', 'humidity': 30, 'soil_moisture': 40, 'temperature_reading': 45, 'trace_id': 'c0b0324b-b1ce-4361-88f5-a4ff8c5b76e3'}}
2022-11-01 23:29:42,730 - basicLogger - INFO - Retrieving co2 at index 1
2022-11-01 23:29:42,894 - basicLogger - DEBUG - {'type': 'temperature_reading', 'datetime': '2022-11-01T23:28:54', 'payload': {'date_time': '2022-09-27T06:14:51.708Z', 'greenhouse_id': '3fa85f64-5717-4562-b3fc-2c963f66afa6', 'humidity': 87, 'soil_moisture': 22, 'temperature_reading': 29, 'trace_id': '86a394a8-8102-46cd-8a7a-fb0a26a21e68'}}
2022-11-01 23:29:42,895 - basicLogger - DEBUG - {'type': 'temperature_reading', 'datetime': '2022-11-01T23:28:54', 'payload': {'date_time': '2022-09-27T06:14:51.708Z', 'greenhouse_id': '3fa85f64-5717-4562-b3fc-2c963f66afa6', 'humidity': 87, 'soil_moisture': 22, 'temperature_reading': 29, 'trace_id': 'bf3d004b-0684-482e-a373-e64a89ec084b'}}
2022-11-01 23:29:42,896 - basicLogger - DEBUG - {'type': 'temperature_reading', 'datetime': '2022-11-01T23:28:54', 'payload': {'date_time': '2022-09-27T06:14:51.708Z', 'greenhouse_id': '3fa85f64-5717-4562-b3fc-2c963f66afa6', 'humidity': 87, 'soil_moisture': 22, 'temperature_reading': 29, 'trace_id': '9090776a-4595-4b63-b977-16b0a4abbd2f'}}
2022-11-01 23:29:42,897 - basicLogger - DEBUG - {'type': 'temperature_reading', 'datetime': '2022-11-01T23:28:55', 'payload': {'date_time': '2022-09-27T06:14:51.708Z', 'greenhouse_id': '3fa85f64-5717-4562-b3fc-2c963f66afa6', 'humidity': 87, 'soil_moisture': 22, 'temperature_reading': 29, 'trace_id': 'b57fd30c-134b-445a-98fc-0cae23daa3ba'}}
2022-11-01 23:29:42,899 - basicLogger - DEBUG - {'type': 'temperature_reading', 'datetime': '2022-11-01T23:28:55', 'payload': {'date_time': '2022-09-27T06:14:51.708Z', 'greenhouse_id': '3fa85f64-5717-4562-b3fc-2c963f66afa6', 'humidity': 87, 'soil_moisture': 22, 'temperature_reading': 29, 'trace_id': 'bac90a5f-2ea7-41c2-9afb-27cd2d419982'}}
2022-11-01 23:29:42,900 - basicLogger - DEBUG - {'type': 'co2_reading', 'datetime': '2022-11-01T23:28:59', 'payload': {'co2_readings': 45, 'date_time': '2016-08-29T09:12:33.001000+00:00', 'greenhouse_id': '3fa85f64-5717-4562-b3fc-2c963f66afa6', 'humidity': 87, 'soil_moisture': 22, 'trace_id': '4d526ec1-7982-46c6-8092-ac196e667d0b'}}
2022-11-01 23:29:42,901 - basicLogger - DEBUG - {'type': 'co2_reading', 'datetime': '2022-11-01T23:28:59', 'payload': {'co2_readings': 45, 'date_time': '2016-08-29T09:12:33.001000+00:00', 'greenhouse_id': '3fa85f64-5717-4562-b3fc-2c963f66afa6', 'humidity': 87, 'soil_moisture': 22, 'trace_id': 'e9879e6a-d70e-4039-8f65-12c8a75fbc10'}}
2022-11-01 23:29:42,902 - basicLogger - DEBUG - {'type': 'co2_reading', 'datetime': '2022-11-01T23:29:00', 'payload': {'co2_readings': 45, 'date_time': '2016-08-29T09:12:33.001000+00:00', 'greenhouse_id': '3fa85f64-5717-4562-b3fc-2c963f66afa6', 'humidity': 87, 'soil_moisture': 22, 'trace_id': '8194b31d-9ee2-43e3-9637-5812546b7fa1'}}
2022-11-01 23:29:42,904 - basicLogger - DEBUG - {'type': 'co2_reading', 'datetime': '2022-11-01T23:29:00', 'payload': {'co2_readings': 45, 'date_time': '2016-08-29T09:12:33.001000+00:00', 'greenhouse_id': '3fa85f64-5717-4562-b3fc-2c963f66afa6', 'humidity': 87, 'soil_moisture': 22, 'trace_id': '8d2c89bb-5757-4d32-8761-16801e28336c'}}
2022-11-01 23:29:42,906 - basicLogger - DEBUG - {'type': 'co2_reading', 'datetime': '2022-11-01T23:29:01', 'payload': {'co2_readings': 45, 'date_time': '2016-08-29T09:12:33.001000+00:00', 'greenhouse_id': '3fa85f64-5717-4562-b3fc-2c963f66afa6', 'humidity': 87, 'soil_moisture': 22, 'trace_id': '441250dd-47e5-4cb9-a3ca-833dd9868216'}}
2022-11-01 23:29:42,907 - basicLogger - DEBUG - {'type': 'temperature_reading', 'datetime': '2022-11-01T23:29:05', 'payload': {'date_time': '2022-09-27T06:14:51.708Z', 'greenhouse_id': '3fa85f64-5717-4562-b3fc-2c963f66afa6', 'humidity': 72, 'soil_moisture': 78, 'temperature_reading': 86, 'trace_id': '8ffb8622-4935-443d-ae0c-dbdf0ab177bd'}}
2022-11-01 23:29:42,925 - basicLogger - DEBUG - {'type': 'temperature_reading', 'datetime': '2022-11-01T23:29:05', 'payload': {'date_time': '2022-09-27T06:14:51.708Z', 'greenhouse_id': '3fa85f64-5717-4562-b3fc-2c963f66afa6', 'humidity': 72, 'soil_moisture': 78, 'temperature_reading': 86, 'trace_id': 'cae0700f-168f-4f47-84c3-7ddc50d6f77d'}}
2022-11-01 23:29:42,926 - basicLogger - DEBUG - {'type': 'temperature_reading', 'datetime': '2022-11-01T23:29:05', 'payload': {'date_time': '2022-09-27T06:14:51.708Z', 'greenhouse_id': '3fa85f64-5717-4562-b3fc-2c963f66afa6', 'humidity': 72, 'soil_moisture': 78, 'temperature_reading': 86, 'trace_id': '1ef15ddc-bb65-42e4-9d75-f1c879f3ef54'}}
2022-11-01 23:29:42,927 - basicLogger - DEBUG - {'type': 'temperature_reading', 'datetime': '2022-11-01T23:29:06', 'payload': {'date_time': '2022-09-27T06:14:51.708Z', 'greenhouse_id': '3fa85f64-5717-4562-b3fc-2c963f66afa6', 'humidity': 72, 'soil_moisture': 78, 'temperature_reading': 86, 'trace_id': '88dcda38-2fc3-45da-b959-a23a0b2de7f2'}}
2022-11-01 23:29:42,928 - basicLogger - DEBUG - {'type': 'temperature_reading', 'datetime': '2022-11-01T23:29:06', 'payload': {'date_time': '2022-09-27T06:14:51.708Z', 'greenhouse_id': '3fa85f64-5717-4562-b3fc-2c963f66afa6', 'humidity': 72, 'soil_moisture': 78, 'temperature_reading': 86, 'trace_id': 'f8905f9c-4353-4a7d-9478-e773389d3148'}}
2022-11-01 23:29:42,929 - basicLogger - DEBUG - {'type': 'co2_reading', 'datetime': '2022-11-01T23:29:11', 'payload': {'co2_readings': 44, 'date_time': '2016-08-29T09:12:33.001000+00:00', 'greenhouse_id': '3fa85f64-5717-4562-b3fc-2c963f66afa6', 'humidity': 72, 'soil_moisture': 78, 'trace_id': '110409e8-2339-4ded-8cea-79dccc59914a'}}
2022-11-01 23:29:42,931 - basicLogger - DEBUG - {'type': 'co2_reading', 'datetime': '2022-11-01T23:29:11', 'payload': {'co2_readings': 44, 'date_time': '2016-08-29T09:12:33.001000+00:00', 'greenhouse_id': '3fa85f64-5717-4562-b3fc-2c963f66afa6', 'humidity': 72, 'soil_moisture': 78, 'trace_id': '9f32d2bd-41c9-4f85-bb2d-ce827658b2de'}}
2022-11-01 23:29:42,932 - basicLogger - DEBUG - {'type': 'co2_reading', 'datetime': '2022-11-01T23:29:11', 'payload': {'co2_readings': 44, 'date_time': '2016-08-29T09:12:33.001000+00:00', 'greenhouse_id': '3fa85f64-5717-4562-b3fc-2c963f66afa6', 'humidity': 72, 'soil_moisture': 78, 'trace_id': 'f3b454d8-1541-489b-84ec-fccdbf6a29e2'}}
2022-11-01 23:29:42,933 - basicLogger - DEBUG - {'type': 'co2_reading', 'datetime': '2022-11-01T23:29:11', 'payload': {'co2_readings': 44, 'date_time': '2016-08-29T09:12:33.001000+00:00', 'greenhouse_id': '3fa85f64-5717-4562-b3fc-2c963f66afa6', 'humidity': 72, 'soil_moisture': 78, 'trace_id': '13b51d48-b67f-4f5b-8e8a-4e90a965320d'}}
2022-11-01 23:29:42,935 - basicLogger - DEBUG - {'type': 'co2_reading', 'datetime': '2022-11-01T23:29:12', 'payload': {'co2_readings': 44, 'date_time': '2016-08-29T09:12:33.001000+00:00', 'greenhouse_id': '3fa85f64-5717-4562-b3fc-2c963f66afa6', 'humidity': 72, 'soil_moisture': 78, 'trace_id': '2f772475-bb02-4036-bcea-bfc5bddac6bc'}}
2022-11-01 23:29:42,936 - basicLogger - DEBUG - {'type': 'temperature_reading', 'datetime': '2022-11-01T23:29:16', 'payload': {'date_time': '2022-09-27T06:14:51.708Z', 'greenhouse_id': '3fa85f64-5717-4562-b3fc-2c963f66afa6', 'humidity': 29, 'soil_moisture': 89, 'temperature_reading': 30, 'trace_id': 'a55f80c5-5b57-472a-ae67-5405acba7cae'}}
2022-11-01 23:29:42,938 - basicLogger - DEBUG - {'type': 'temperature_reading', 'datetime': '2022-11-01T23:29:16', 'payload': {'date_time': '2022-09-27T06:14:51.708Z', 'greenhouse_id': '3fa85f64-5717-4562-b3fc-2c963f66afa6', 'humidity': 29, 'soil_moisture': 89, 'temperature_reading': 30, 'trace_id': '7afe52ed-7bb5-49f2-806f-765c51206799'}}
2022-11-01 23:29:42,939 - basicLogger - DEBUG - {'type': 'temperature_reading', 'datetime': '2022-11-01T23:29:16', 'payload': {'date_time': '2022-09-27T06:14:51.708Z', 'greenhouse_id': '3fa85f64-5717-4562-b3fc-2c963f66afa6', 'humidity': 29, 'soil_moisture': 89, 'temperature_reading': 30, 'trace_id': '86729aff-c5a5-485f-81a8-e1e06b8f4e82'}}
2022-11-01 23:29:42,941 - basicLogger - DEBUG - {'type': 'temperature_reading', 'datetime': '2022-11-01T23:29:17', 'payload': {'date_time': '2022-09-27T06:14:51.708Z', 'greenhouse_id': '3fa85f64-5717-4562-b3fc-2c963f66afa6', 'humidity': 29, 'soil_moisture': 89, 'temperature_reading': 30, 'trace_id': 'b8d2ac55-059b-4159-81d5-f5ddaf16e86d'}}
2022-11-01 23:29:42,942 - basicLogger - DEBUG - {'type': 'temperature_reading', 'datetime': '2022-11-01T23:29:17', 'payload': {'date_time': '2022-09-27T06:14:51.708Z', 'greenhouse_id': '3fa85f64-5717-4562-b3fc-2c963f66afa6', 'humidity': 29, 'soil_moisture': 89, 'temperature_reading': 30, 'trace_id': '22bdbb96-6bf2-4ff1-9d6f-ef91bc20cf7c'}}
2022-11-01 23:29:42,943 - basicLogger - DEBUG - {'type': 'co2_reading', 'datetime': '2022-11-01T23:29:22', 'payload': {'co2_readings': 82, 'date_time': '2016-08-29T09:12:33.001000+00:00', 'greenhouse_id': '3fa85f64-5717-4562-b3fc-2c963f66afa6', 'humidity': 29, 'soil_moisture': 89, 'trace_id': '6a90da1e-d1c8-4eed-b40c-805487277fce'}}
2022-11-01 23:29:42,945 - basicLogger - DEBUG - {'type': 'co2_reading', 'datetime': '2022-11-01T23:29:22', 'payload': {'co2_readings': 82, 'date_time': '2016-08-29T09:12:33.001000+00:00', 'greenhouse_id': '3fa85f64-5717-4562-b3fc-2c963f66afa6', 'humidity': 29, 'soil_moisture': 89, 'trace_id': '52c3245c-98e1-4196-ab14-aa26f1970dce'}}
2022-11-01 23:29:42,946 - basicLogger - DEBUG - {'type': 'co2_reading', 'datetime': '2022-11-01T23:29:22', 'payload': {'co2_readings': 82, 'date_time': '2016-08-29T09:12:33.001000+00:00', 'greenhouse_id': '3fa85f64-5717-4562-b3fc-2c963f66afa6', 'humidity': 29, 'soil_moisture': 89, 'trace_id': 'c6ba7a8c-ae2a-4499-92c9-b69e14f553be'}}
2022-11-01 23:29:42,947 - basicLogger - DEBUG - {'type': 'co2_reading', 'datetime': '2022-11-01T23:29:22', 'payload': {'co2_readings': 82, 'date_time': '2016-08-29T09:12:33.001000+00:00', 'greenhouse_id': '3fa85f64-5717-4562-b3fc-2c963f66afa6', 'humidity': 29, 'soil_moisture': 89, 'trace_id': 'bec1e71d-a180-47e7-a0e1-c5de67f5e798'}}
2022-11-01 23:29:42,948 - basicLogger - DEBUG - {'type': 'co2_reading', 'datetime': '2022-11-01T23:29:23', 'payload': {'co2_readings': 82, 'date_time': '2016-08-29T09:12:33.001000+00:00', 'greenhouse_id': '3fa85f64-5717-4562-b3fc-2c963f66afa6', 'humidity': 29, 'soil_moisture': 89, 'trace_id': '6ea06ed3-e18c-4923-b00e-eb16bf8fceb4'}}
2022-11-01 23:29:42,949 - basicLogger - DEBUG - {'type': 'temperature_reading', 'datetime': '2022-11-01T23:29:27', 'payload': {'date_time': '2022-09-27T06:14:51.708Z', 'greenhouse_id': '3fa85f64-5717-4562-b3fc-2c963f66afa6', 'humidity': 61, 'soil_moisture': 44, 'temperature_reading': 90, 'trace_id': '62ef5053-cbd5-4508-9200-05f6483e064d'}}
2022-11-01 23:29:42,950 - basicLogger - DEBUG - {'type': 'temperature_reading', 'datetime': '2022-11-01T23:29:27', 'payload': {'date_time': '2022-09-27T06:14:51.708Z', 'greenhouse_id': '3fa85f64-5717-4562-b3fc-2c963f66afa6', 'humidity': 61, 'soil_moisture': 44, 'temperature_reading': 90, 'trace_id': '794d90b7-19ae-4c45-8aaf-02cc5244ed02'}}
2022-11-01 23:29:42,952 - basicLogger - DEBUG - {'type': 'temperature_reading', 'datetime': '2022-11-01T23:29:28', 'payload': {'date_time': '2022-09-27T06:14:51.708Z', 'greenhouse_id': '3fa85f64-5717-4562-b3fc-2c963f66afa6', 'humidity': 61, 'soil_moisture': 44, 'temperature_reading': 90, 'trace_id': '4bc432d2-7f58-4b99-8012-bff215fd5538'}}
2022-11-01 23:29:42,955 - basicLogger - DEBUG - {'type': 'temperature_reading', 'datetime': '2022-11-01T23:29:28', 'payload': {'date_time': '2022-09-27T06:14:51.708Z', 'greenhouse_id': '3fa85f64-5717-4562-b3fc-2c963f66afa6', 'humidity': 61, 'soil_moisture': 44, 'temperature_reading': 90, 'trace_id': 'd6e99e65-ce53-43d3-a101-4c0a42f80acb'}}
2022-11-01 23:29:42,956 - basicLogger - DEBUG - {'type': 'temperature_reading', 'datetime': '2022-11-01T23:29:28', 'payload': {'date_time': '2022-09-27T06:14:51.708Z', 'greenhouse_id': '3fa85f64-5717-4562-b3fc-2c963f66afa6', 'humidity': 61, 'soil_moisture': 44, 'temperature_reading': 90, 'trace_id': '161146cd-5f3d-41e9-8dde-2692b6bc747f'}}
2022-11-01 23:29:42,958 - basicLogger - DEBUG - {'type': 'co2_reading', 'datetime': '2022-11-01T23:29:33', 'payload': {'co2_readings': 34, 'date_time': '2016-08-29T09:12:33.001000+00:00', 'greenhouse_id': '3fa85f64-5717-4562-b3fc-2c963f66afa6', 'humidity': 61, 'soil_moisture': 44, 'trace_id': 'ad17a3af-2c2c-402f-8fde-d8c1ea0bca7a'}}
2022-11-01 23:29:42,959 - basicLogger - DEBUG - {'type': 'co2_reading', 'datetime': '2022-11-01T23:29:33', 'payload': {'co2_readings': 34, 'date_time': '2016-08-29T09:12:33.001000+00:00', 'greenhouse_id': '3fa85f64-5717-4562-b3fc-2c963f66afa6', 'humidity': 61, 'soil_moisture': 44, 'trace_id': '115c2c5c-d259-4fa7-a185-add085ccace6'}}
2022-11-01 23:29:42,960 - basicLogger - DEBUG - {'type': 'co2_reading', 'datetime': '2022-11-01T23:29:33', 'payload': {'co2_readings': 34, 'date_time': '2016-08-29T09:12:33.001000+00:00', 'greenhouse_id': '3fa85f64-5717-4562-b3fc-2c963f66afa6', 'humidity': 61, 'soil_moisture': 44, 'trace_id': 'abac2249-7675-4afd-a6b1-85c28ed74158'}}
2022-11-01 23:29:42,961 - basicLogger - DEBUG - {'type': 'co2_reading', 'datetime': '2022-11-01T23:29:34', 'payload': {'co2_readings': 34, 'date_time': '2016-08-29T09:12:33.001000+00:00', 'greenhouse_id': '3fa85f64-5717-4562-b3fc-2c963f66afa6', 'humidity': 61, 'soil_moisture': 44, 'trace_id': '7fba0387-a449-40e1-be93-68ffabf6dae9'}}
2022-11-01 23:29:42,963 - basicLogger - DEBUG - {'type': 'co2_reading', 'datetime': '2022-11-01T23:29:34', 'payload': {'co2_readings': 34, 'date_time': '2016-08-29T09:12:33.001000+00:00', 'greenhouse_id': '3fa85f64-5717-4562-b3fc-2c963f66afa6', 'humidity': 61, 'soil_moisture': 44, 'trace_id': '6b04a7a2-2120-43ef-aebe-b8fc42bfed0a'}}
2022-11-01 23:29:42,964 - basicLogger - DEBUG - {'type': 'temperature_reading', 'datetime': '2022-11-01T23:29:39', 'payload': {'date_time': '2022-09-27T06:14:51.708Z', 'greenhouse_id': '3fa85f64-5717-4562-b3fc-2c963f66afa6', 'humidity': 75, 'soil_moisture': 65, 'temperature_reading': 12, 'trace_id': '277cd3e6-127c-4bfe-a1f6-d4c4cc004e15'}}
2022-11-01 23:29:42,966 - basicLogger - DEBUG - {'type': 'temperature_reading', 'datetime': '2022-11-01T23:29:39', 'payload': {'date_time': '2022-09-27T06:14:51.708Z', 'greenhouse_id': '3fa85f64-5717-4562-b3fc-2c963f66afa6', 'humidity': 75, 'soil_moisture': 65, 'temperature_reading': 12, 'trace_id': 'f0350c21-0970-4381-83ed-ebd21658270f'}}
2022-11-01 23:29:42,967 - basicLogger - DEBUG - {'type': 'temperature_reading', 'datetime': '2022-11-01T23:29:39', 'payload': {'date_time': '2022-09-27T06:14:51.708Z', 'greenhouse_id': '3fa85f64-5717-4562-b3fc-2c963f66afa6', 'humidity': 75, 'soil_moisture': 65, 'temperature_reading': 12, 'trace_id': 'bb59bbf2-3395-44e3-ba5f-0db23a195806'}}
2022-11-01 23:29:42,968 - basicLogger - DEBUG - {'type': 'temperature_reading', 'datetime': '2022-11-01T23:29:39', 'payload': {'date_time': '2022-09-27T06:14:51.708Z', 'greenhouse_id': '3fa85f64-5717-4562-b3fc-2c963f66afa6', 'humidity': 75, 'soil_moisture': 65, 'temperature_reading': 12, 'trace_id': '8ccdb042-6b5e-436c-a520-fbfc081b2e97'}}
2022-11-01 23:29:42,972 - basicLogger - DEBUG - {'type': 'temperature_reading', 'datetime': '2022-11-01T23:29:40', 'payload': {'date_time': '2022-09-27T06:14:51.708Z', 'greenhouse_id': '3fa85f64-5717-4562-b3fc-2c963f66afa6', 'humidity': 75, 'soil_moisture': 65, 'temperature_reading': 12, 'trace_id': '60a2337c-bb2f-490f-9478-a4dd2a69f50e'}}
2022-11-01 23:29:50,615 - basicLogger - INFO - Retrieving co2 at index 3
2022-11-01 23:29:50,803 - basicLogger - DEBUG - {'type': 'temperature_reading', 'datetime': '2022-11-01T23:28:54', 'payload': {'date_time': '2022-09-27T06:14:51.708Z', 'greenhouse_id': '3fa85f64-5717-4562-b3fc-2c963f66afa6', 'humidity': 87, 'soil_moisture': 22, 'temperature_reading': 29, 'trace_id': '86a394a8-8102-46cd-8a7a-fb0a26a21e68'}}
2022-11-01 23:29:50,804 - basicLogger - DEBUG - {'type': 'temperature_reading', 'datetime': '2022-11-01T23:28:54', 'payload': {'date_time': '2022-09-27T06:14:51.708Z', 'greenhouse_id': '3fa85f64-5717-4562-b3fc-2c963f66afa6', 'humidity': 87, 'soil_moisture': 22, 'temperature_reading': 29, 'trace_id': 'bf3d004b-0684-482e-a373-e64a89ec084b'}}
2022-11-01 23:29:50,805 - basicLogger - DEBUG - {'type': 'temperature_reading', 'datetime': '2022-11-01T23:28:54', 'payload': {'date_time': '2022-09-27T06:14:51.708Z', 'greenhouse_id': '3fa85f64-5717-4562-b3fc-2c963f66afa6', 'humidity': 87, 'soil_moisture': 22, 'temperature_reading': 29, 'trace_id': '9090776a-4595-4b63-b977-16b0a4abbd2f'}}
2022-11-01 23:29:50,807 - basicLogger - DEBUG - {'type': 'temperature_reading', 'datetime': '2022-11-01T23:28:55', 'payload': {'date_time': '2022-09-27T06:14:51.708Z', 'greenhouse_id': '3fa85f64-5717-4562-b3fc-2c963f66afa6', 'humidity': 87, 'soil_moisture': 22, 'temperature_reading': 29, 'trace_id': 'b57fd30c-134b-445a-98fc-0cae23daa3ba'}}
2022-11-01 23:29:50,808 - basicLogger - DEBUG - {'type': 'temperature_reading', 'datetime': '2022-11-01T23:28:55', 'payload': {'date_time': '2022-09-27T06:14:51.708Z', 'greenhouse_id': '3fa85f64-5717-4562-b3fc-2c963f66afa6', 'humidity': 87, 'soil_moisture': 22, 'temperature_reading': 29, 'trace_id': 'bac90a5f-2ea7-41c2-9afb-27cd2d419982'}}
2022-11-01 23:29:50,809 - basicLogger - DEBUG - {'type': 'co2_reading', 'datetime': '2022-11-01T23:28:59', 'payload': {'co2_readings': 45, 'date_time': '2016-08-29T09:12:33.001000+00:00', 'greenhouse_id': '3fa85f64-5717-4562-b3fc-2c963f66afa6', 'humidity': 87, 'soil_moisture': 22, 'trace_id': '4d526ec1-7982-46c6-8092-ac196e667d0b'}}
2022-11-01 23:29:50,810 - basicLogger - DEBUG - {'type': 'co2_reading', 'datetime': '2022-11-01T23:28:59', 'payload': {'co2_readings': 45, 'date_time': '2016-08-29T09:12:33.001000+00:00', 'greenhouse_id': '3fa85f64-5717-4562-b3fc-2c963f66afa6', 'humidity': 87, 'soil_moisture': 22, 'trace_id': 'e9879e6a-d70e-4039-8f65-12c8a75fbc10'}}
2022-11-01 23:29:50,811 - basicLogger - DEBUG - {'type': 'co2_reading', 'datetime': '2022-11-01T23:29:00', 'payload': {'co2_readings': 45, 'date_time': '2016-08-29T09:12:33.001000+00:00', 'greenhouse_id': '3fa85f64-5717-4562-b3fc-2c963f66afa6', 'humidity': 87, 'soil_moisture': 22, 'trace_id': '8194b31d-9ee2-43e3-9637-5812546b7fa1'}}
2022-11-01 23:29:50,813 - basicLogger - DEBUG - {'type': 'co2_reading', 'datetime': '2022-11-01T23:29:00', 'payload': {'co2_readings': 45, 'date_time': '2016-08-29T09:12:33.001000+00:00', 'greenhouse_id': '3fa85f64-5717-4562-b3fc-2c963f66afa6', 'humidity': 87, 'soil_moisture': 22, 'trace_id': '8d2c89bb-5757-4d32-8761-16801e28336c'}}
2022-11-01 23:29:50,814 - basicLogger - DEBUG - {'type': 'co2_reading', 'datetime': '2022-11-01T23:29:01', 'payload': {'co2_readings': 45, 'date_time': '2016-08-29T09:12:33.001000+00:00', 'greenhouse_id': '3fa85f64-5717-4562-b3fc-2c963f66afa6', 'humidity': 87, 'soil_moisture': 22, 'trace_id': '441250dd-47e5-4cb9-a3ca-833dd9868216'}}
2022-11-01 23:29:50,816 - basicLogger - DEBUG - {'type': 'temperature_reading', 'datetime': '2022-11-01T23:29:05', 'payload': {'date_time': '2022-09-27T06:14:51.708Z', 'greenhouse_id': '3fa85f64-5717-4562-b3fc-2c963f66afa6', 'humidity': 72, 'soil_moisture': 78, 'temperature_reading': 86, 'trace_id': '8ffb8622-4935-443d-ae0c-dbdf0ab177bd'}}
2022-11-01 23:29:50,817 - basicLogger - DEBUG - {'type': 'temperature_reading', 'datetime': '2022-11-01T23:29:05', 'payload': {'date_time': '2022-09-27T06:14:51.708Z', 'greenhouse_id': '3fa85f64-5717-4562-b3fc-2c963f66afa6', 'humidity': 72, 'soil_moisture': 78, 'temperature_reading': 86, 'trace_id': 'cae0700f-168f-4f47-84c3-7ddc50d6f77d'}}
2022-11-01 23:29:50,818 - basicLogger - DEBUG - {'type': 'temperature_reading', 'datetime': '2022-11-01T23:29:05', 'payload': {'date_time': '2022-09-27T06:14:51.708Z', 'greenhouse_id': '3fa85f64-5717-4562-b3fc-2c963f66afa6', 'humidity': 72, 'soil_moisture': 78, 'temperature_reading': 86, 'trace_id': '1ef15ddc-bb65-42e4-9d75-f1c879f3ef54'}}
2022-11-01 23:29:50,819 - basicLogger - DEBUG - {'type': 'temperature_reading', 'datetime': '2022-11-01T23:29:06', 'payload': {'date_time': '2022-09-27T06:14:51.708Z', 'greenhouse_id': '3fa85f64-5717-4562-b3fc-2c963f66afa6', 'humidity': 72, 'soil_moisture': 78, 'temperature_reading': 86, 'trace_id': '88dcda38-2fc3-45da-b959-a23a0b2de7f2'}}
2022-11-01 23:29:50,821 - basicLogger - DEBUG - {'type': 'temperature_reading', 'datetime': '2022-11-01T23:29:06', 'payload': {'date_time': '2022-09-27T06:14:51.708Z', 'greenhouse_id': '3fa85f64-5717-4562-b3fc-2c963f66afa6', 'humidity': 72, 'soil_moisture': 78, 'temperature_reading': 86, 'trace_id': 'f8905f9c-4353-4a7d-9478-e773389d3148'}}
2022-11-01 23:29:50,822 - basicLogger - DEBUG - {'type': 'co2_reading', 'datetime': '2022-11-01T23:29:11', 'payload': {'co2_readings': 44, 'date_time': '2016-08-29T09:12:33.001000+00:00', 'greenhouse_id': '3fa85f64-5717-4562-b3fc-2c963f66afa6', 'humidity': 72, 'soil_moisture': 78, 'trace_id': '110409e8-2339-4ded-8cea-79dccc59914a'}}
2022-11-01 23:29:50,823 - basicLogger - DEBUG - {'type': 'co2_reading', 'datetime': '2022-11-01T23:29:11', 'payload': {'co2_readings': 44, 'date_time': '2016-08-29T09:12:33.001000+00:00', 'greenhouse_id': '3fa85f64-5717-4562-b3fc-2c963f66afa6', 'humidity': 72, 'soil_moisture': 78, 'trace_id': '9f32d2bd-41c9-4f85-bb2d-ce827658b2de'}}
2022-11-01 23:29:50,824 - basicLogger - DEBUG - {'type': 'co2_reading', 'datetime': '2022-11-01T23:29:11', 'payload': {'co2_readings': 44, 'date_time': '2016-08-29T09:12:33.001000+00:00', 'greenhouse_id': '3fa85f64-5717-4562-b3fc-2c963f66afa6', 'humidity': 72, 'soil_moisture': 78, 'trace_id': 'f3b454d8-1541-489b-84ec-fccdbf6a29e2'}}
2022-11-01 23:29:50,826 - basicLogger - DEBUG - {'type': 'co2_reading', 'datetime': '2022-11-01T23:29:11', 'payload': {'co2_readings': 44, 'date_time': '2016-08-29T09:12:33.001000+00:00', 'greenhouse_id': '3fa85f64-5717-4562-b3fc-2c963f66afa6', 'humidity': 72, 'soil_moisture': 78, 'trace_id': '13b51d48-b67f-4f5b-8e8a-4e90a965320d'}}
2022-11-01 23:29:50,827 - basicLogger - DEBUG - {'type': 'co2_reading', 'datetime': '2022-11-01T23:29:12', 'payload': {'co2_readings': 44, 'date_time': '2016-08-29T09:12:33.001000+00:00', 'greenhouse_id': '3fa85f64-5717-4562-b3fc-2c963f66afa6', 'humidity': 72, 'soil_moisture': 78, 'trace_id': '2f772475-bb02-4036-bcea-bfc5bddac6bc'}}
2022-11-01 23:29:50,828 - basicLogger - DEBUG - {'type': 'temperature_reading', 'datetime': '2022-11-01T23:29:16', 'payload': {'date_time': '2022-09-27T06:14:51.708Z', 'greenhouse_id': '3fa85f64-5717-4562-b3fc-2c963f66afa6', 'humidity': 29, 'soil_moisture': 89, 'temperature_reading': 30, 'trace_id': 'a55f80c5-5b57-472a-ae67-5405acba7cae'}}
2022-11-01 23:29:50,830 - basicLogger - DEBUG - {'type': 'temperature_reading', 'datetime': '2022-11-01T23:29:16', 'payload': {'date_time': '2022-09-27T06:14:51.708Z', 'greenhouse_id': '3fa85f64-5717-4562-b3fc-2c963f66afa6', 'humidity': 29, 'soil_moisture': 89, 'temperature_reading': 30, 'trace_id': '7afe52ed-7bb5-49f2-806f-765c51206799'}}
2022-11-01 23:29:50,831 - basicLogger - DEBUG - {'type': 'temperature_reading', 'datetime': '2022-11-01T23:29:16', 'payload': {'date_time': '2022-09-27T06:14:51.708Z', 'greenhouse_id': '3fa85f64-5717-4562-b3fc-2c963f66afa6', 'humidity': 29, 'soil_moisture': 89, 'temperature_reading': 30, 'trace_id': '86729aff-c5a5-485f-81a8-e1e06b8f4e82'}}
2022-11-01 23:29:50,832 - basicLogger - DEBUG - {'type': 'temperature_reading', 'datetime': '2022-11-01T23:29:17', 'payload': {'date_time': '2022-09-27T06:14:51.708Z', 'greenhouse_id': '3fa85f64-5717-4562-b3fc-2c963f66afa6', 'humidity': 29, 'soil_moisture': 89, 'temperature_reading': 30, 'trace_id': 'b8d2ac55-059b-4159-81d5-f5ddaf16e86d'}}
2022-11-01 23:29:50,833 - basicLogger - DEBUG - {'type': 'temperature_reading', 'datetime': '2022-11-01T23:29:17', 'payload': {'date_time': '2022-09-27T06:14:51.708Z', 'greenhouse_id': '3fa85f64-5717-4562-b3fc-2c963f66afa6', 'humidity': 29, 'soil_moisture': 89, 'temperature_reading': 30, 'trace_id': '22bdbb96-6bf2-4ff1-9d6f-ef91bc20cf7c'}}
2022-11-01 23:29:50,834 - basicLogger - DEBUG - {'type': 'co2_reading', 'datetime': '2022-11-01T23:29:22', 'payload': {'co2_readings': 82, 'date_time': '2016-08-29T09:12:33.001000+00:00', 'greenhouse_id': '3fa85f64-5717-4562-b3fc-2c963f66afa6', 'humidity': 29, 'soil_moisture': 89, 'trace_id': '6a90da1e-d1c8-4eed-b40c-805487277fce'}}
2022-11-01 23:29:50,835 - basicLogger - DEBUG - {'type': 'co2_reading', 'datetime': '2022-11-01T23:29:22', 'payload': {'co2_readings': 82, 'date_time': '2016-08-29T09:12:33.001000+00:00', 'greenhouse_id': '3fa85f64-5717-4562-b3fc-2c963f66afa6', 'humidity': 29, 'soil_moisture': 89, 'trace_id': '52c3245c-98e1-4196-ab14-aa26f1970dce'}}
2022-11-01 23:29:50,836 - basicLogger - DEBUG - {'type': 'co2_reading', 'datetime': '2022-11-01T23:29:22', 'payload': {'co2_readings': 82, 'date_time': '2016-08-29T09:12:33.001000+00:00', 'greenhouse_id': '3fa85f64-5717-4562-b3fc-2c963f66afa6', 'humidity': 29, 'soil_moisture': 89, 'trace_id': 'c6ba7a8c-ae2a-4499-92c9-b69e14f553be'}}
2022-11-01 23:29:50,846 - basicLogger - DEBUG - {'type': 'co2_reading', 'datetime': '2022-11-01T23:29:22', 'payload': {'co2_readings': 82, 'date_time': '2016-08-29T09:12:33.001000+00:00', 'greenhouse_id': '3fa85f64-5717-4562-b3fc-2c963f66afa6', 'humidity': 29, 'soil_moisture': 89, 'trace_id': 'bec1e71d-a180-47e7-a0e1-c5de67f5e798'}}
2022-11-01 23:29:50,847 - basicLogger - DEBUG - {'type': 'co2_reading', 'datetime': '2022-11-01T23:29:23', 'payload': {'co2_readings': 82, 'date_time': '2016-08-29T09:12:33.001000+00:00', 'greenhouse_id': '3fa85f64-5717-4562-b3fc-2c963f66afa6', 'humidity': 29, 'soil_moisture': 89, 'trace_id': '6ea06ed3-e18c-4923-b00e-eb16bf8fceb4'}}
2022-11-01 23:29:50,849 - basicLogger - DEBUG - {'type': 'temperature_reading', 'datetime': '2022-11-01T23:29:27', 'payload': {'date_time': '2022-09-27T06:14:51.708Z', 'greenhouse_id': '3fa85f64-5717-4562-b3fc-2c963f66afa6', 'humidity': 61, 'soil_moisture': 44, 'temperature_reading': 90, 'trace_id': '62ef5053-cbd5-4508-9200-05f6483e064d'}}
2022-11-01 23:29:50,853 - basicLogger - DEBUG - {'type': 'temperature_reading', 'datetime': '2022-11-01T23:29:27', 'payload': {'date_time': '2022-09-27T06:14:51.708Z', 'greenhouse_id': '3fa85f64-5717-4562-b3fc-2c963f66afa6', 'humidity': 61, 'soil_moisture': 44, 'temperature_reading': 90, 'trace_id': '794d90b7-19ae-4c45-8aaf-02cc5244ed02'}}
2022-11-01 23:29:50,858 - basicLogger - DEBUG - {'type': 'temperature_reading', 'datetime': '2022-11-01T23:29:28', 'payload': {'date_time': '2022-09-27T06:14:51.708Z', 'greenhouse_id': '3fa85f64-5717-4562-b3fc-2c963f66afa6', 'humidity': 61, 'soil_moisture': 44, 'temperature_reading': 90, 'trace_id': '4bc432d2-7f58-4b99-8012-bff215fd5538'}}
2022-11-01 23:29:50,873 - basicLogger - DEBUG - {'type': 'temperature_reading', 'datetime': '2022-11-01T23:29:28', 'payload': {'date_time': '2022-09-27T06:14:51.708Z', 'greenhouse_id': '3fa85f64-5717-4562-b3fc-2c963f66afa6', 'humidity': 61, 'soil_moisture': 44, 'temperature_reading': 90, 'trace_id': 'd6e99e65-ce53-43d3-a101-4c0a42f80acb'}}
2022-11-01 23:29:50,875 - basicLogger - DEBUG - {'type': 'temperature_reading', 'datetime': '2022-11-01T23:29:28', 'payload': {'date_time': '2022-09-27T06:14:51.708Z', 'greenhouse_id': '3fa85f64-5717-4562-b3fc-2c963f66afa6', 'humidity': 61, 'soil_moisture': 44, 'temperature_reading': 90, 'trace_id': '161146cd-5f3d-41e9-8dde-2692b6bc747f'}}
2022-11-01 23:29:50,876 - basicLogger - DEBUG - {'type': 'co2_reading', 'datetime': '2022-11-01T23:29:33', 'payload': {'co2_readings': 34, 'date_time': '2016-08-29T09:12:33.001000+00:00', 'greenhouse_id': '3fa85f64-5717-4562-b3fc-2c963f66afa6', 'humidity': 61, 'soil_moisture': 44, 'trace_id': 'ad17a3af-2c2c-402f-8fde-d8c1ea0bca7a'}}
2022-11-01 23:29:50,877 - basicLogger - DEBUG - {'type': 'co2_reading', 'datetime': '2022-11-01T23:29:33', 'payload': {'co2_readings': 34, 'date_time': '2016-08-29T09:12:33.001000+00:00', 'greenhouse_id': '3fa85f64-5717-4562-b3fc-2c963f66afa6', 'humidity': 61, 'soil_moisture': 44, 'trace_id': '115c2c5c-d259-4fa7-a185-add085ccace6'}}
2022-11-01 23:29:50,878 - basicLogger - DEBUG - {'type': 'co2_reading', 'datetime': '2022-11-01T23:29:33', 'payload': {'co2_readings': 34, 'date_time': '2016-08-29T09:12:33.001000+00:00', 'greenhouse_id': '3fa85f64-5717-4562-b3fc-2c963f66afa6', 'humidity': 61, 'soil_moisture': 44, 'trace_id': 'abac2249-7675-4afd-a6b1-85c28ed74158'}}
2022-11-01 23:29:50,881 - basicLogger - DEBUG - {'type': 'co2_reading', 'datetime': '2022-11-01T23:29:34', 'payload': {'co2_readings': 34, 'date_time': '2016-08-29T09:12:33.001000+00:00', 'greenhouse_id': '3fa85f64-5717-4562-b3fc-2c963f66afa6', 'humidity': 61, 'soil_moisture': 44, 'trace_id': '7fba0387-a449-40e1-be93-68ffabf6dae9'}}
2022-11-01 23:29:50,882 - basicLogger - DEBUG - {'type': 'co2_reading', 'datetime': '2022-11-01T23:29:34', 'payload': {'co2_readings': 34, 'date_time': '2016-08-29T09:12:33.001000+00:00', 'greenhouse_id': '3fa85f64-5717-4562-b3fc-2c963f66afa6', 'humidity': 61, 'soil_moisture': 44, 'trace_id': '6b04a7a2-2120-43ef-aebe-b8fc42bfed0a'}}
2022-11-01 23:29:50,883 - basicLogger - DEBUG - {'type': 'temperature_reading', 'datetime': '2022-11-01T23:29:39', 'payload': {'date_time': '2022-09-27T06:14:51.708Z', 'greenhouse_id': '3fa85f64-5717-4562-b3fc-2c963f66afa6', 'humidity': 75, 'soil_moisture': 65, 'temperature_reading': 12, 'trace_id': '277cd3e6-127c-4bfe-a1f6-d4c4cc004e15'}}
2022-11-01 23:29:50,884 - basicLogger - DEBUG - {'type': 'temperature_reading', 'datetime': '2022-11-01T23:29:39', 'payload': {'date_time': '2022-09-27T06:14:51.708Z', 'greenhouse_id': '3fa85f64-5717-4562-b3fc-2c963f66afa6', 'humidity': 75, 'soil_moisture': 65, 'temperature_reading': 12, 'trace_id': 'f0350c21-0970-4381-83ed-ebd21658270f'}}
2022-11-01 23:29:50,888 - basicLogger - DEBUG - {'type': 'temperature_reading', 'datetime': '2022-11-01T23:29:39', 'payload': {'date_time': '2022-09-27T06:14:51.708Z', 'greenhouse_id': '3fa85f64-5717-4562-b3fc-2c963f66afa6', 'humidity': 75, 'soil_moisture': 65, 'temperature_reading': 12, 'trace_id': 'bb59bbf2-3395-44e3-ba5f-0db23a195806'}}
2022-11-01 23:29:50,890 - basicLogger - DEBUG - {'type': 'temperature_reading', 'datetime': '2022-11-01T23:29:39', 'payload': {'date_time': '2022-09-27T06:14:51.708Z', 'greenhouse_id': '3fa85f64-5717-4562-b3fc-2c963f66afa6', 'humidity': 75, 'soil_moisture': 65, 'temperature_reading': 12, 'trace_id': '8ccdb042-6b5e-436c-a520-fbfc081b2e97'}}
2022-11-01 23:29:50,891 - basicLogger - DEBUG - {'type': 'temperature_reading', 'datetime': '2022-11-01T23:29:40', 'payload': {'date_time': '2022-09-27T06:14:51.708Z', 'greenhouse_id': '3fa85f64-5717-4562-b3fc-2c963f66afa6', 'humidity': 75, 'soil_moisture': 65, 'temperature_reading': 12, 'trace_id': '60a2337c-bb2f-490f-9478-a4dd2a69f50e'}}
2022-11-01 23:29:50,892 - basicLogger - DEBUG - {'type': 'co2_reading', 'datetime': '2022-11-01T23:29:44', 'payload': {'co2_readings': 69, 'date_time': '2016-08-29T09:12:33.001000+00:00', 'greenhouse_id': '3fa85f64-5717-4562-b3fc-2c963f66afa6', 'humidity': 75, 'soil_moisture': 65, 'trace_id': '302bda27-2bcd-4c2f-99ed-8604f9ca5a8d'}}
2022-11-01 23:29:50,894 - basicLogger - DEBUG - {'type': 'co2_reading', 'datetime': '2022-11-01T23:29:44', 'payload': {'co2_readings': 69, 'date_time': '2016-08-29T09:12:33.001000+00:00', 'greenhouse_id': '3fa85f64-5717-4562-b3fc-2c963f66afa6', 'humidity': 75, 'soil_moisture': 65, 'trace_id': '03bb0e6f-aa1f-4ab2-97bb-b18084757f2c'}}
2022-11-01 23:29:50,896 - basicLogger - DEBUG - {'type': 'co2_reading', 'datetime': '2022-11-01T23:29:44', 'payload': {'co2_readings': 69, 'date_time': '2016-08-29T09:12:33.001000+00:00', 'greenhouse_id': '3fa85f64-5717-4562-b3fc-2c963f66afa6', 'humidity': 75, 'soil_moisture': 65, 'trace_id': '84cbb21c-593f-4b90-af50-dce443c4b3cc'}}
2022-11-01 23:29:50,898 - basicLogger - DEBUG - {'type': 'co2_reading', 'datetime': '2022-11-01T23:29:45', 'payload': {'co2_readings': 69, 'date_time': '2016-08-29T09:12:33.001000+00:00', 'greenhouse_id': '3fa85f64-5717-4562-b3fc-2c963f66afa6', 'humidity': 75, 'soil_moisture': 65, 'trace_id': '047a2e0e-184e-4b22-bc90-2b0fc9b3cb91'}}
2022-11-01 23:29:50,899 - basicLogger - DEBUG - {'type': 'co2_reading', 'datetime': '2022-11-01T23:29:45', 'payload': {'co2_readings': 69, 'date_time': '2016-08-29T09:12:33.001000+00:00', 'greenhouse_id': '3fa85f64-5717-4562-b3fc-2c963f66afa6', 'humidity': 75, 'soil_moisture': 65, 'trace_id': 'e9eee26e-6b5b-4d18-ae6f-9579c5d2adb7'}}
2022-11-01 23:29:50,900 - basicLogger - DEBUG - {'type': 'temperature_reading', 'datetime': '2022-11-01T23:29:50', 'payload': {'date_time': '2022-09-27T06:14:51.708Z', 'greenhouse_id': '3fa85f64-5717-4562-b3fc-2c963f66afa6', 'humidity': 70, 'soil_moisture': 44, 'temperature_reading': 76, 'trace_id': '67049aba-87ad-4dba-b226-ceff01dcb426'}}
2022-11-01 23:29:50,901 - basicLogger - DEBUG - {'type': 'temperature_reading', 'datetime': '2022-11-01T23:29:50', 'payload': {'date_time': '2022-09-27T06:14:51.708Z', 'greenhouse_id': '3fa85f64-5717-4562-b3fc-2c963f66afa6', 'humidity': 70, 'soil_moisture': 44, 'temperature_reading': 76, 'trace_id': '9fee2b7a-8678-4178-a46e-6045d8460441'}}
2022-11-01 23:29:50,903 - basicLogger - DEBUG - {'type': 'temperature_reading', 'datetime': '2022-11-01T23:29:50', 'payload': {'date_time': '2022-09-27T06:14:51.708Z', 'greenhouse_id': '3fa85f64-5717-4562-b3fc-2c963f66afa6', 'humidity': 70, 'soil_moisture': 44, 'temperature_reading': 76, 'trace_id': '03bf19e5-8a96-4d0b-870d-91b37815adb8'}}
2022-11-01 23:29:51,125 - basicLogger - DEBUG - {'type': 'temperature_reading', 'datetime': '2022-11-01T23:29:50', 'payload': {'date_time': '2022-09-27T06:14:51.708Z', 'greenhouse_id': '3fa85f64-5717-4562-b3fc-2c963f66afa6', 'humidity': 70, 'soil_moisture': 44, 'temperature_reading': 76, 'trace_id': '42d36e6b-22e3-4f4f-8aa5-c3e52e35f37a'}}
2022-11-01 23:29:51,671 - basicLogger - DEBUG - {'type': 'temperature_reading', 'datetime': '2022-11-01T23:29:51', 'payload': {'date_time': '2022-09-27T06:14:51.708Z', 'greenhouse_id': '3fa85f64-5717-4562-b3fc-2c963f66afa6', 'humidity': 70, 'soil_moisture': 44, 'temperature_reading': 76, 'trace_id': '48942a9a-f524-4d96-a531-91be7f36178e'}}
2022-11-02 23:47:40,042 - basicLogger - INFO - Retrieving co2 at index 4
2022-11-02 23:47:40,174 - basicLogger - DEBUG - {'type': 'temperature_reading', 'datetime': '2022-11-02T23:46:45', 'payload': {'date_time': '2022-09-27T06:14:51.708Z', 'greenhouse_id': '3fa85f64-5717-4562-b3fc-2c963f66afa6', 'humidity': 87, 'soil_moisture': 22, 'temperature_reading': 29, 'trace_id': '40274625-a361-404a-bc07-b2190b05814e'}}
2022-11-02 23:47:40,178 - basicLogger - DEBUG - {'type': 'temperature_reading', 'datetime': '2022-11-02T23:46:45', 'payload': {'date_time': '2022-09-27T06:14:51.708Z', 'greenhouse_id': '3fa85f64-5717-4562-b3fc-2c963f66afa6', 'humidity': 87, 'soil_moisture': 22, 'temperature_reading': 29, 'trace_id': '919a65c3-5506-4253-af2c-68c00bc9af36'}}
2022-11-02 23:47:40,181 - basicLogger - DEBUG - {'type': 'temperature_reading', 'datetime': '2022-11-02T23:46:45', 'payload': {'date_time': '2022-09-27T06:14:51.708Z', 'greenhouse_id': '3fa85f64-5717-4562-b3fc-2c963f66afa6', 'humidity': 87, 'soil_moisture': 22, 'temperature_reading': 29, 'trace_id': 'c309657a-293b-47c3-a964-7f76b637b1b9'}}
2022-11-02 23:47:40,183 - basicLogger - DEBUG - {'type': 'temperature_reading', 'datetime': '2022-11-02T23:46:46', 'payload': {'date_time': '2022-09-27T06:14:51.708Z', 'greenhouse_id': '3fa85f64-5717-4562-b3fc-2c963f66afa6', 'humidity': 87, 'soil_moisture': 22, 'temperature_reading': 29, 'trace_id': 'ee2994e4-477d-4f63-9223-e8d88e2f5704'}}
2022-11-02 23:47:40,189 - basicLogger - DEBUG - {'type': 'temperature_reading', 'datetime': '2022-11-02T23:46:46', 'payload': {'date_time': '2022-09-27T06:14:51.708Z', 'greenhouse_id': '3fa85f64-5717-4562-b3fc-2c963f66afa6', 'humidity': 87, 'soil_moisture': 22, 'temperature_reading': 29, 'trace_id': '600c1b66-afc5-4c39-8fbe-b07c4fcb7a87'}}
2022-11-02 23:47:40,192 - basicLogger - DEBUG - {'type': 'co2_reading', 'datetime': '2022-11-02T23:46:50', 'payload': {'co2_readings': 45, 'date_time': '2016-08-29T09:12:33.001000+00:00', 'greenhouse_id': '3fa85f64-5717-4562-b3fc-2c963f66afa6', 'humidity': 87, 'soil_moisture': 22, 'trace_id': '2af839c1-1a7b-4ac0-ba71-ba1554ef37c5'}}
2022-11-02 23:47:40,196 - basicLogger - DEBUG - {'type': 'co2_reading', 'datetime': '2022-11-02T23:46:51', 'payload': {'co2_readings': 45, 'date_time': '2016-08-29T09:12:33.001000+00:00', 'greenhouse_id': '3fa85f64-5717-4562-b3fc-2c963f66afa6', 'humidity': 87, 'soil_moisture': 22, 'trace_id': '0ef5e007-60a4-4577-a2b3-7b2fa33cc8cb'}}
2022-11-02 23:47:40,199 - basicLogger - DEBUG - {'type': 'co2_reading', 'datetime': '2022-11-02T23:46:51', 'payload': {'co2_readings': 45, 'date_time': '2016-08-29T09:12:33.001000+00:00', 'greenhouse_id': '3fa85f64-5717-4562-b3fc-2c963f66afa6', 'humidity': 87, 'soil_moisture': 22, 'trace_id': '13a627c2-1fd4-449d-8cf8-98d6f7c4b49a'}}
2022-11-02 23:47:40,207 - basicLogger - DEBUG - {'type': 'co2_reading', 'datetime': '2022-11-02T23:46:51', 'payload': {'co2_readings': 45, 'date_time': '2016-08-29T09:12:33.001000+00:00', 'greenhouse_id': '3fa85f64-5717-4562-b3fc-2c963f66afa6', 'humidity': 87, 'soil_moisture': 22, 'trace_id': '9e06c43e-d8e7-456c-bd95-fa770ab72a2e'}}
2022-11-02 23:47:40,212 - basicLogger - DEBUG - {'type': 'co2_reading', 'datetime': '2022-11-02T23:46:52', 'payload': {'co2_readings': 45, 'date_time': '2016-08-29T09:12:33.001000+00:00', 'greenhouse_id': '3fa85f64-5717-4562-b3fc-2c963f66afa6', 'humidity': 87, 'soil_moisture': 22, 'trace_id': 'a04e5909-d48e-441d-8135-532504d92ebf'}}
2022-11-02 23:47:40,215 - basicLogger - DEBUG - {'type': 'temperature_reading', 'datetime': '2022-11-02T23:46:56', 'payload': {'date_time': '2022-09-27T06:14:51.708Z', 'greenhouse_id': '3fa85f64-5717-4562-b3fc-2c963f66afa6', 'humidity': 72, 'soil_moisture': 78, 'temperature_reading': 86, 'trace_id': '9592bdc2-e3b3-4f31-9f77-f2905e8529ba'}}
2022-11-02 23:47:40,220 - basicLogger - DEBUG - {'type': 'temperature_reading', 'datetime': '2022-11-02T23:46:56', 'payload': {'date_time': '2022-09-27T06:14:51.708Z', 'greenhouse_id': '3fa85f64-5717-4562-b3fc-2c963f66afa6', 'humidity': 72, 'soil_moisture': 78, 'temperature_reading': 86, 'trace_id': '894fb366-45cc-4543-8887-69b8bc739b8f'}}
2022-11-02 23:47:40,223 - basicLogger - DEBUG - {'type': 'temperature_reading', 'datetime': '2022-11-02T23:46:56', 'payload': {'date_time': '2022-09-27T06:14:51.708Z', 'greenhouse_id': '3fa85f64-5717-4562-b3fc-2c963f66afa6', 'humidity': 72, 'soil_moisture': 78, 'temperature_reading': 86, 'trace_id': '918730e2-314b-4da0-989a-fecab514d38e'}}
2022-11-02 23:47:40,227 - basicLogger - DEBUG - {'type': 'temperature_reading', 'datetime': '2022-11-02T23:46:57', 'payload': {'date_time': '2022-09-27T06:14:51.708Z', 'greenhouse_id': '3fa85f64-5717-4562-b3fc-2c963f66afa6', 'humidity': 72, 'soil_moisture': 78, 'temperature_reading': 86, 'trace_id': '39cd6776-32cc-4d0d-93c1-8241e77d14ae'}}
2022-11-02 23:47:40,232 - basicLogger - DEBUG - {'type': 'temperature_reading', 'datetime': '2022-11-02T23:46:57', 'payload': {'date_time': '2022-09-27T06:14:51.708Z', 'greenhouse_id': '3fa85f64-5717-4562-b3fc-2c963f66afa6', 'humidity': 72, 'soil_moisture': 78, 'temperature_reading': 86, 'trace_id': '5b309d46-7940-4a5b-a58f-f9774ac2903e'}}
